==23260== Memcheck, a memory error detector
==23260== Copyright (C) 2002-2017, and GNU GPL'd, by Julian Seward et al.
==23260== Using Valgrind-3.19.0.GIT-lbmacos and LibVEX; rerun with -h for copyright info
==23260== Command: ./minishell
==23260== Parent PID: 2574
==23260== 
==23260== Syscall param access(pathname) points to unaddressable byte(s)
==23260==    at 0x10063D68A: access (in /usr/lib/system/libsystem_kernel.dylib)
==23260==    by 0x10000452A: get_cmdpath (parser_02.c:65)
==23260==    by 0x100003E0D: create_parsed_list (parser_00.c:84)
==23260==    by 0x100003EBD: parser (parser_00.c:98)
==23260==    by 0x1000012DC: main (main.c:59)
==23260==  Address 0x0 is not stack'd, malloc'd or (recently) free'd
==23260== 
{
   <insert_a_suppression_name_here>
   Memcheck:Param
   access(pathname)
   fun:access
   fun:get_cmdpath
   fun:create_parsed_list
   fun:parser
   fun:main
}
==23260== 
==23260== HEAP SUMMARY:
==23260==     in use at exit: 250,808 bytes in 337 blocks
==23260==   total heap usage: 539 allocs, 202 frees, 277,628 bytes allocated
==23260== 
==23260== 4 bytes in 1 blocks are still reachable in loss record 1 of 112
==23260==    at 0x10012B545: malloc (in /usr/local/Cellar/valgrind/HEAD-6ff08b6/libexec/valgrind/vgpreload_memcheck-amd64-darwin.so)
==23260==    by 0x10014D520: el_insertstr (in /usr/lib/libedit.3.dylib)
==23260==    by 0x10013B6DF: el_init (in /usr/lib/libedit.3.dylib)
==23260==    by 0x100141C27: rl_initialize (in /usr/lib/libedit.3.dylib)
==23260==    by 0x100141FB1: readline (in /usr/lib/libedit.3.dylib)
==23260==    by 0x100001177: prep_minihell (main.c:19)
==23260==    by 0x1000012B5: main (main.c:55)
==23260== 
{
   <insert_a_suppression_name_here>
   Memcheck:Leak
   match-leak-kinds: reachable
   fun:malloc
   fun:el_insertstr
   fun:el_init
   fun:rl_initialize
   fun:readline
   fun:prep_minihell
   fun:main
}
==23260== 8 bytes in 1 blocks are still reachable in loss record 2 of 112
==23260==    at 0x10012B545: malloc (in /usr/local/Cellar/valgrind/HEAD-6ff08b6/libexec/valgrind/vgpreload_memcheck-amd64-darwin.so)
==23260==    by 0x100451CE5: strdup (in /usr/lib/system/libsystem_c.dylib)
==23260==    by 0x100173855: _nc_trim_sgr0 (in /usr/lib/libncurses.5.4.dylib)
==23260==    by 0x100171E0F: tgetent (in /usr/lib/libncurses.5.4.dylib)
==23260==    by 0x1001474BA: rl_free_line_state (in /usr/lib/libedit.3.dylib)
==23260==    by 0x10014731D: rl_free_line_state (in /usr/lib/libedit.3.dylib)
==23260==    by 0x10013B752: el_init (in /usr/lib/libedit.3.dylib)
==23260==    by 0x100141C27: rl_initialize (in /usr/lib/libedit.3.dylib)
==23260==    by 0x100141FB1: readline (in /usr/lib/libedit.3.dylib)
==23260==    by 0x100001177: prep_minihell (main.c:19)
==23260==    by 0x1000012B5: main (main.c:55)
==23260== 
{
   <insert_a_suppression_name_here>
   Memcheck:Leak
   match-leak-kinds: reachable
   fun:malloc
   fun:strdup
   fun:_nc_trim_sgr0
   fun:tgetent
   fun:rl_free_line_state
   fun:rl_free_line_state
   fun:el_init
   fun:rl_initialize
   fun:readline
   fun:prep_minihell
   fun:main
}
==23260== 14 bytes in 1 blocks are still reachable in loss record 4 of 112
==23260==    at 0x10012BEE6: realloc (in /usr/local/Cellar/valgrind/HEAD-6ff08b6/libexec/valgrind/vgpreload_memcheck-amd64-darwin.so)
==23260==    by 0x100173516: _nc_doalloc (in /usr/lib/libncurses.5.4.dylib)
==23260==    by 0x100173FA8: tparm (in /usr/lib/libncurses.5.4.dylib)
==23260==    by 0x10018E4D6: _nc_remove_string (in /usr/lib/libncurses.5.4.dylib)
==23260==    by 0x100173848: _nc_trim_sgr0 (in /usr/lib/libncurses.5.4.dylib)
==23260==    by 0x100171E0F: tgetent (in /usr/lib/libncurses.5.4.dylib)
==23260==    by 0x1001474BA: rl_free_line_state (in /usr/lib/libedit.3.dylib)
==23260==    by 0x10014731D: rl_free_line_state (in /usr/lib/libedit.3.dylib)
==23260==    by 0x10013B752: el_init (in /usr/lib/libedit.3.dylib)
==23260==    by 0x100141C27: rl_initialize (in /usr/lib/libedit.3.dylib)
==23260==    by 0x100141FB1: readline (in /usr/lib/libedit.3.dylib)
==23260==    by 0x100001177: prep_minihell (main.c:19)
==23260== 
{
   <insert_a_suppression_name_here>
   Memcheck:Leak
   match-leak-kinds: reachable
   fun:realloc
   fun:_nc_doalloc
   fun:tparm
   fun:_nc_remove_string
   fun:_nc_trim_sgr0
   fun:tgetent
   fun:rl_free_line_state
   fun:rl_free_line_state
   fun:el_init
   fun:rl_initialize
   fun:readline
   fun:prep_minihell
}
==23260== 15 bytes in 1 blocks are still reachable in loss record 5 of 112
==23260==    at 0x10012B545: malloc (in /usr/local/Cellar/valgrind/HEAD-6ff08b6/libexec/valgrind/vgpreload_memcheck-amd64-darwin.so)
==23260==    by 0x100451CE5: strdup (in /usr/lib/system/libsystem_c.dylib)
==23260==    by 0x1001722E7: _nc_setupterm (in /usr/lib/libncurses.5.4.dylib)
==23260==    by 0x100171C46: tgetent (in /usr/lib/libncurses.5.4.dylib)
==23260==    by 0x1001474BA: rl_free_line_state (in /usr/lib/libedit.3.dylib)
==23260==    by 0x10014731D: rl_free_line_state (in /usr/lib/libedit.3.dylib)
==23260==    by 0x10013B752: el_init (in /usr/lib/libedit.3.dylib)
==23260==    by 0x100141C27: rl_initialize (in /usr/lib/libedit.3.dylib)
==23260==    by 0x100141FB1: readline (in /usr/lib/libedit.3.dylib)
==23260==    by 0x100001177: prep_minihell (main.c:19)
==23260==    by 0x1000012B5: main (main.c:55)
==23260== 
{
   <insert_a_suppression_name_here>
   Memcheck:Leak
   match-leak-kinds: reachable
   fun:malloc
   fun:strdup
   fun:_nc_setupterm
   fun:tgetent
   fun:rl_free_line_state
   fun:rl_free_line_state
   fun:el_init
   fun:rl_initialize
   fun:readline
   fun:prep_minihell
   fun:main
}
==23260== 15 bytes in 2 blocks are still reachable in loss record 6 of 112
==23260==    at 0x10012B545: malloc (in /usr/local/Cellar/valgrind/HEAD-6ff08b6/libexec/valgrind/vgpreload_memcheck-amd64-darwin.so)
==23260==    by 0x100451CE5: strdup (in /usr/lib/system/libsystem_c.dylib)
==23260==    by 0x10014D8E5: history_init (in /usr/lib/libedit.3.dylib)
==23260==    by 0x10014E170: history (in /usr/lib/libedit.3.dylib)
==23260==    by 0x1001433DC: add_history (in /usr/lib/libedit.3.dylib)
==23260==    by 0x1000012C7: main (main.c:57)
==23260== 
{
   <insert_a_suppression_name_here>
   Memcheck:Leak
   match-leak-kinds: reachable
   fun:malloc
   fun:strdup
   fun:history_init
   fun:history
   fun:add_history
   fun:main
}
==23260== 20 bytes in 1 blocks are still reachable in loss record 9 of 112
==23260==    at 0x10012B545: malloc (in /usr/local/Cellar/valgrind/HEAD-6ff08b6/libexec/valgrind/vgpreload_memcheck-amd64-darwin.so)
==23260==    by 0x100451CE5: strdup (in /usr/lib/system/libsystem_c.dylib)
==23260==    by 0x100141B26: rl_set_prompt (in /usr/lib/libedit.3.dylib)
==23260==    by 0x100141FD0: readline (in /usr/lib/libedit.3.dylib)
==23260==    by 0x100001177: prep_minihell (main.c:19)
==23260==    by 0x1000012B5: main (main.c:55)
==23260== 
{
   <insert_a_suppression_name_here>
   Memcheck:Leak
   match-leak-kinds: reachable
   fun:malloc
   fun:strdup
   fun:rl_set_prompt
   fun:readline
   fun:prep_minihell
   fun:main
}
==23260== 28 bytes in 1 blocks are still reachable in loss record 13 of 112
==23260==    at 0x10012B545: malloc (in /usr/local/Cellar/valgrind/HEAD-6ff08b6/libexec/valgrind/vgpreload_memcheck-amd64-darwin.so)
==23260==    by 0x1001728B9: _nc_home_terminfo (in /usr/lib/libncurses.5.4.dylib)
==23260==    by 0x1001726E9: _nc_next_db (in /usr/lib/libncurses.5.4.dylib)
==23260==    by 0x10017255F: _nc_read_entry (in /usr/lib/libncurses.5.4.dylib)
==23260==    by 0x1001721C4: _nc_setupterm (in /usr/lib/libncurses.5.4.dylib)
==23260==    by 0x100171C46: tgetent (in /usr/lib/libncurses.5.4.dylib)
==23260==    by 0x1001474BA: rl_free_line_state (in /usr/lib/libedit.3.dylib)
==23260==    by 0x10014731D: rl_free_line_state (in /usr/lib/libedit.3.dylib)
==23260==    by 0x10013B752: el_init (in /usr/lib/libedit.3.dylib)
==23260==    by 0x100141C27: rl_initialize (in /usr/lib/libedit.3.dylib)
==23260==    by 0x100141FB1: readline (in /usr/lib/libedit.3.dylib)
==23260==    by 0x100001177: prep_minihell (main.c:19)
==23260== 
{
   <insert_a_suppression_name_here>
   Memcheck:Leak
   match-leak-kinds: reachable
   fun:malloc
   fun:_nc_home_terminfo
   fun:_nc_next_db
   fun:_nc_read_entry
   fun:_nc_setupterm
   fun:tgetent
   fun:rl_free_line_state
   fun:rl_free_line_state
   fun:el_init
   fun:rl_initialize
   fun:readline
   fun:prep_minihell
}
==23260== 32 bytes in 1 blocks are still reachable in loss record 22 of 112
==23260==    at 0x10012B545: malloc (in /usr/local/Cellar/valgrind/HEAD-6ff08b6/libexec/valgrind/vgpreload_memcheck-amd64-darwin.so)
==23260==    by 0x1001472F1: rl_free_line_state (in /usr/lib/libedit.3.dylib)
==23260==    by 0x10013B752: el_init (in /usr/lib/libedit.3.dylib)
==23260==    by 0x100141C27: rl_initialize (in /usr/lib/libedit.3.dylib)
==23260==    by 0x100141FB1: readline (in /usr/lib/libedit.3.dylib)
==23260==    by 0x100001177: prep_minihell (main.c:19)
==23260==    by 0x1000012B5: main (main.c:55)
==23260== 
{
   <insert_a_suppression_name_here>
   Memcheck:Leak
   match-leak-kinds: reachable
   fun:malloc
   fun:rl_free_line_state
   fun:el_init
   fun:rl_initialize
   fun:readline
   fun:prep_minihell
   fun:main
}
==23260== 32 bytes in 1 blocks are still reachable in loss record 23 of 112
==23260==    at 0x10012B545: malloc (in /usr/local/Cellar/valgrind/HEAD-6ff08b6/libexec/valgrind/vgpreload_memcheck-amd64-darwin.so)
==23260==    by 0x10013F707: history_w (in /usr/lib/libedit.3.dylib)
==23260==    by 0x10014014F: history_w (in /usr/lib/libedit.3.dylib)
==23260==    by 0x1001401F6: history_w (in /usr/lib/libedit.3.dylib)
==23260==    by 0x1001402F9: history_w (in /usr/lib/libedit.3.dylib)
==23260==    by 0x10013BE24: el_wset (in /usr/lib/libedit.3.dylib)
==23260==    by 0x10014CE7B: el_set (in /usr/lib/libedit.3.dylib)
==23260==    by 0x100141D63: rl_initialize (in /usr/lib/libedit.3.dylib)
==23260==    by 0x100141FB1: readline (in /usr/lib/libedit.3.dylib)
==23260==    by 0x100001177: prep_minihell (main.c:19)
==23260==    by 0x1000012B5: main (main.c:55)
==23260== 
{
   <insert_a_suppression_name_here>
   Memcheck:Leak
   match-leak-kinds: reachable
   fun:malloc
   fun:history_w
   fun:history_w
   fun:history_w
   fun:history_w
   fun:el_wset
   fun:el_set
   fun:rl_initialize
   fun:readline
   fun:prep_minihell
   fun:main
}
==23260== 32 bytes in 1 blocks are still reachable in loss record 24 of 112
==23260==    at 0x10012B545: malloc (in /usr/local/Cellar/valgrind/HEAD-6ff08b6/libexec/valgrind/vgpreload_memcheck-amd64-darwin.so)
==23260==    by 0x10013F7CD: history_w (in /usr/lib/libedit.3.dylib)
==23260==    by 0x10014014F: history_w (in /usr/lib/libedit.3.dylib)
==23260==    by 0x1001401F6: history_w (in /usr/lib/libedit.3.dylib)
==23260==    by 0x1001402F9: history_w (in /usr/lib/libedit.3.dylib)
==23260==    by 0x10013BE24: el_wset (in /usr/lib/libedit.3.dylib)
==23260==    by 0x10014CE7B: el_set (in /usr/lib/libedit.3.dylib)
==23260==    by 0x100141D63: rl_initialize (in /usr/lib/libedit.3.dylib)
==23260==    by 0x100141FB1: readline (in /usr/lib/libedit.3.dylib)
==23260==    by 0x100001177: prep_minihell (main.c:19)
==23260==    by 0x1000012B5: main (main.c:55)
==23260== 
{
   <insert_a_suppression_name_here>
   Memcheck:Leak
   match-leak-kinds: reachable
   fun:malloc
   fun:history_w
   fun:history_w
   fun:history_w
   fun:history_w
   fun:el_wset
   fun:el_set
   fun:rl_initialize
   fun:readline
   fun:prep_minihell
   fun:main
}
==23260== 32 bytes in 1 blocks are still reachable in loss record 25 of 112
==23260==    at 0x10012B545: malloc (in /usr/local/Cellar/valgrind/HEAD-6ff08b6/libexec/valgrind/vgpreload_memcheck-amd64-darwin.so)
==23260==    by 0x10013F786: history_w (in /usr/lib/libedit.3.dylib)
==23260==    by 0x100140274: history_w (in /usr/lib/libedit.3.dylib)
==23260==    by 0x1001402F9: history_w (in /usr/lib/libedit.3.dylib)
==23260==    by 0x10013BE24: el_wset (in /usr/lib/libedit.3.dylib)
==23260==    by 0x10014CE7B: el_set (in /usr/lib/libedit.3.dylib)
==23260==    by 0x100141D63: rl_initialize (in /usr/lib/libedit.3.dylib)
==23260==    by 0x100141FB1: readline (in /usr/lib/libedit.3.dylib)
==23260==    by 0x100001177: prep_minihell (main.c:19)
==23260==    by 0x1000012B5: main (main.c:55)
==23260== 
{
   <insert_a_suppression_name_here>
   Memcheck:Leak
   match-leak-kinds: reachable
   fun:malloc
   fun:history_w
   fun:history_w
   fun:history_w
   fun:el_wset
   fun:el_set
   fun:rl_initialize
   fun:readline
   fun:prep_minihell
   fun:main
}
==23260== 32 bytes in 1 blocks are still reachable in loss record 26 of 112
==23260==    at 0x10012B545: malloc (in /usr/local/Cellar/valgrind/HEAD-6ff08b6/libexec/valgrind/vgpreload_memcheck-amd64-darwin.so)
==23260==    by 0x10013F7CD: history_w (in /usr/lib/libedit.3.dylib)
==23260==    by 0x100140274: history_w (in /usr/lib/libedit.3.dylib)
==23260==    by 0x1001402F9: history_w (in /usr/lib/libedit.3.dylib)
==23260==    by 0x10013BE24: el_wset (in /usr/lib/libedit.3.dylib)
==23260==    by 0x10014CE7B: el_set (in /usr/lib/libedit.3.dylib)
==23260==    by 0x100141D63: rl_initialize (in /usr/lib/libedit.3.dylib)
==23260==    by 0x100141FB1: readline (in /usr/lib/libedit.3.dylib)
==23260==    by 0x100001177: prep_minihell (main.c:19)
==23260==    by 0x1000012B5: main (main.c:55)
==23260== 
{
   <insert_a_suppression_name_here>
   Memcheck:Leak
   match-leak-kinds: reachable
   fun:malloc
   fun:history_w
   fun:history_w
   fun:history_w
   fun:el_wset
   fun:el_set
   fun:rl_initialize
   fun:readline
   fun:prep_minihell
   fun:main
}
==23260== 32 bytes in 1 blocks are still reachable in loss record 27 of 112
==23260==    at 0x10012B545: malloc (in /usr/local/Cellar/valgrind/HEAD-6ff08b6/libexec/valgrind/vgpreload_memcheck-amd64-darwin.so)
==23260==    by 0x10013F786: history_w (in /usr/lib/libedit.3.dylib)
==23260==    by 0x100148910: rl_free_line_state (in /usr/lib/libedit.3.dylib)
==23260==    by 0x100140289: history_w (in /usr/lib/libedit.3.dylib)
==23260==    by 0x1001402F9: history_w (in /usr/lib/libedit.3.dylib)
==23260==    by 0x10013BE24: el_wset (in /usr/lib/libedit.3.dylib)
==23260==    by 0x10014CE7B: el_set (in /usr/lib/libedit.3.dylib)
==23260==    by 0x100141D63: rl_initialize (in /usr/lib/libedit.3.dylib)
==23260==    by 0x100141FB1: readline (in /usr/lib/libedit.3.dylib)
==23260==    by 0x100001177: prep_minihell (main.c:19)
==23260==    by 0x1000012B5: main (main.c:55)
==23260== 
{
   <insert_a_suppression_name_here>
   Memcheck:Leak
   match-leak-kinds: reachable
   fun:malloc
   fun:history_w
   fun:rl_free_line_state
   fun:history_w
   fun:history_w
   fun:el_wset
   fun:el_set
   fun:rl_initialize
   fun:readline
   fun:prep_minihell
   fun:main
}
==23260== 32 bytes in 1 blocks are still reachable in loss record 28 of 112
==23260==    at 0x10012B545: malloc (in /usr/local/Cellar/valgrind/HEAD-6ff08b6/libexec/valgrind/vgpreload_memcheck-amd64-darwin.so)
==23260==    by 0x10013F7CD: history_w (in /usr/lib/libedit.3.dylib)
==23260==    by 0x100148910: rl_free_line_state (in /usr/lib/libedit.3.dylib)
==23260==    by 0x100140289: history_w (in /usr/lib/libedit.3.dylib)
==23260==    by 0x1001402F9: history_w (in /usr/lib/libedit.3.dylib)
==23260==    by 0x10013BE24: el_wset (in /usr/lib/libedit.3.dylib)
==23260==    by 0x10014CE7B: el_set (in /usr/lib/libedit.3.dylib)
==23260==    by 0x100141D63: rl_initialize (in /usr/lib/libedit.3.dylib)
==23260==    by 0x100141FB1: readline (in /usr/lib/libedit.3.dylib)
==23260==    by 0x100001177: prep_minihell (main.c:19)
==23260==    by 0x1000012B5: main (main.c:55)
==23260== 
{
   <insert_a_suppression_name_here>
   Memcheck:Leak
   match-leak-kinds: reachable
   fun:malloc
   fun:history_w
   fun:rl_free_line_state
   fun:history_w
   fun:history_w
   fun:el_wset
   fun:el_set
   fun:rl_initialize
   fun:readline
   fun:prep_minihell
   fun:main
}
==23260== 32 bytes in 1 blocks are still reachable in loss record 29 of 112
==23260==    at 0x10012B545: malloc (in /usr/local/Cellar/valgrind/HEAD-6ff08b6/libexec/valgrind/vgpreload_memcheck-amd64-darwin.so)
==23260==    by 0x10013F786: history_w (in /usr/lib/libedit.3.dylib)
==23260==    by 0x10014892E: rl_free_line_state (in /usr/lib/libedit.3.dylib)
==23260==    by 0x100140289: history_w (in /usr/lib/libedit.3.dylib)
==23260==    by 0x1001402F9: history_w (in /usr/lib/libedit.3.dylib)
==23260==    by 0x10013BE24: el_wset (in /usr/lib/libedit.3.dylib)
==23260==    by 0x10014CE7B: el_set (in /usr/lib/libedit.3.dylib)
==23260==    by 0x100141D63: rl_initialize (in /usr/lib/libedit.3.dylib)
==23260==    by 0x100141FB1: readline (in /usr/lib/libedit.3.dylib)
==23260==    by 0x100001177: prep_minihell (main.c:19)
==23260==    by 0x1000012B5: main (main.c:55)
==23260== 
{
   <insert_a_suppression_name_here>
   Memcheck:Leak
   match-leak-kinds: reachable
   fun:malloc
   fun:history_w
   fun:rl_free_line_state
   fun:history_w
   fun:history_w
   fun:el_wset
   fun:el_set
   fun:rl_initialize
   fun:readline
   fun:prep_minihell
   fun:main
}
==23260== 32 bytes in 1 blocks are still reachable in loss record 30 of 112
==23260==    at 0x10012B545: malloc (in /usr/local/Cellar/valgrind/HEAD-6ff08b6/libexec/valgrind/vgpreload_memcheck-amd64-darwin.so)
==23260==    by 0x10013F786: history_w (in /usr/lib/libedit.3.dylib)
==23260==    by 0x10014894B: rl_free_line_state (in /usr/lib/libedit.3.dylib)
==23260==    by 0x100140289: history_w (in /usr/lib/libedit.3.dylib)
==23260==    by 0x1001402F9: history_w (in /usr/lib/libedit.3.dylib)
==23260==    by 0x10013BE24: el_wset (in /usr/lib/libedit.3.dylib)
==23260==    by 0x10014CE7B: el_set (in /usr/lib/libedit.3.dylib)
==23260==    by 0x100141D63: rl_initialize (in /usr/lib/libedit.3.dylib)
==23260==    by 0x100141FB1: readline (in /usr/lib/libedit.3.dylib)
==23260==    by 0x100001177: prep_minihell (main.c:19)
==23260==    by 0x1000012B5: main (main.c:55)
==23260== 
{
   <insert_a_suppression_name_here>
   Memcheck:Leak
   match-leak-kinds: reachable
   fun:malloc
   fun:history_w
   fun:rl_free_line_state
   fun:history_w
   fun:history_w
   fun:el_wset
   fun:el_set
   fun:rl_initialize
   fun:readline
   fun:prep_minihell
   fun:main
}
==23260== 32 bytes in 1 blocks are still reachable in loss record 31 of 112
==23260==    at 0x10012B545: malloc (in /usr/local/Cellar/valgrind/HEAD-6ff08b6/libexec/valgrind/vgpreload_memcheck-amd64-darwin.so)
==23260==    by 0x10013F786: history_w (in /usr/lib/libedit.3.dylib)
==23260==    by 0x100148968: rl_free_line_state (in /usr/lib/libedit.3.dylib)
==23260==    by 0x100140289: history_w (in /usr/lib/libedit.3.dylib)
==23260==    by 0x1001402F9: history_w (in /usr/lib/libedit.3.dylib)
==23260==    by 0x10013BE24: el_wset (in /usr/lib/libedit.3.dylib)
==23260==    by 0x10014CE7B: el_set (in /usr/lib/libedit.3.dylib)
==23260==    by 0x100141D63: rl_initialize (in /usr/lib/libedit.3.dylib)
==23260==    by 0x100141FB1: readline (in /usr/lib/libedit.3.dylib)
==23260==    by 0x100001177: prep_minihell (main.c:19)
==23260==    by 0x1000012B5: main (main.c:55)
==23260== 
{
   <insert_a_suppression_name_here>
   Memcheck:Leak
   match-leak-kinds: reachable
   fun:malloc
   fun:history_w
   fun:rl_free_line_state
   fun:history_w
   fun:history_w
   fun:el_wset
   fun:el_set
   fun:rl_initialize
   fun:readline
   fun:prep_minihell
   fun:main
}
==23260== 32 bytes in 1 blocks are still reachable in loss record 32 of 112
==23260==    at 0x10012B545: malloc (in /usr/local/Cellar/valgrind/HEAD-6ff08b6/libexec/valgrind/vgpreload_memcheck-amd64-darwin.so)
==23260==    by 0x10013F786: history_w (in /usr/lib/libedit.3.dylib)
==23260==    by 0x10014898B: rl_free_line_state (in /usr/lib/libedit.3.dylib)
==23260==    by 0x100140289: history_w (in /usr/lib/libedit.3.dylib)
==23260==    by 0x1001402F9: history_w (in /usr/lib/libedit.3.dylib)
==23260==    by 0x10013BE24: el_wset (in /usr/lib/libedit.3.dylib)
==23260==    by 0x10014CE7B: el_set (in /usr/lib/libedit.3.dylib)
==23260==    by 0x100141D63: rl_initialize (in /usr/lib/libedit.3.dylib)
==23260==    by 0x100141FB1: readline (in /usr/lib/libedit.3.dylib)
==23260==    by 0x100001177: prep_minihell (main.c:19)
==23260==    by 0x1000012B5: main (main.c:55)
==23260== 
{
   <insert_a_suppression_name_here>
   Memcheck:Leak
   match-leak-kinds: reachable
   fun:malloc
   fun:history_w
   fun:rl_free_line_state
   fun:history_w
   fun:history_w
   fun:el_wset
   fun:el_set
   fun:rl_initialize
   fun:readline
   fun:prep_minihell
   fun:main
}
==23260== 32 bytes in 1 blocks are still reachable in loss record 33 of 112
==23260==    at 0x10012B545: malloc (in /usr/local/Cellar/valgrind/HEAD-6ff08b6/libexec/valgrind/vgpreload_memcheck-amd64-darwin.so)
==23260==    by 0x10013F786: history_w (in /usr/lib/libedit.3.dylib)
==23260==    by 0x1001489AE: rl_free_line_state (in /usr/lib/libedit.3.dylib)
==23260==    by 0x100140289: history_w (in /usr/lib/libedit.3.dylib)
==23260==    by 0x1001402F9: history_w (in /usr/lib/libedit.3.dylib)
==23260==    by 0x10013BE24: el_wset (in /usr/lib/libedit.3.dylib)
==23260==    by 0x10014CE7B: el_set (in /usr/lib/libedit.3.dylib)
==23260==    by 0x100141D63: rl_initialize (in /usr/lib/libedit.3.dylib)
==23260==    by 0x100141FB1: readline (in /usr/lib/libedit.3.dylib)
==23260==    by 0x100001177: prep_minihell (main.c:19)
==23260==    by 0x1000012B5: main (main.c:55)
==23260== 
{
   <insert_a_suppression_name_here>
   Memcheck:Leak
   match-leak-kinds: reachable
   fun:malloc
   fun:history_w
   fun:rl_free_line_state
   fun:history_w
   fun:history_w
   fun:el_wset
   fun:el_set
   fun:rl_initialize
   fun:readline
   fun:prep_minihell
   fun:main
}
==23260== 32 bytes in 1 blocks are still reachable in loss record 34 of 112
==23260==    at 0x10012B545: malloc (in /usr/local/Cellar/valgrind/HEAD-6ff08b6/libexec/valgrind/vgpreload_memcheck-amd64-darwin.so)
==23260==    by 0x10013F786: history_w (in /usr/lib/libedit.3.dylib)
==23260==    by 0x1001489C7: rl_free_line_state (in /usr/lib/libedit.3.dylib)
==23260==    by 0x100140289: history_w (in /usr/lib/libedit.3.dylib)
==23260==    by 0x1001402F9: history_w (in /usr/lib/libedit.3.dylib)
==23260==    by 0x10013BE24: el_wset (in /usr/lib/libedit.3.dylib)
==23260==    by 0x10014CE7B: el_set (in /usr/lib/libedit.3.dylib)
==23260==    by 0x100141D63: rl_initialize (in /usr/lib/libedit.3.dylib)
==23260==    by 0x100141FB1: readline (in /usr/lib/libedit.3.dylib)
==23260==    by 0x100001177: prep_minihell (main.c:19)
==23260==    by 0x1000012B5: main (main.c:55)
==23260== 
{
   <insert_a_suppression_name_here>
   Memcheck:Leak
   match-leak-kinds: reachable
   fun:malloc
   fun:history_w
   fun:rl_free_line_state
   fun:history_w
   fun:history_w
   fun:el_wset
   fun:el_set
   fun:rl_initialize
   fun:readline
   fun:prep_minihell
   fun:main
}
==23260== 32 bytes in 1 blocks are still reachable in loss record 35 of 112
==23260==    at 0x10012B545: malloc (in /usr/local/Cellar/valgrind/HEAD-6ff08b6/libexec/valgrind/vgpreload_memcheck-amd64-darwin.so)
==23260==    by 0x10013F7CD: history_w (in /usr/lib/libedit.3.dylib)
==23260==    by 0x1001489C7: rl_free_line_state (in /usr/lib/libedit.3.dylib)
==23260==    by 0x100140289: history_w (in /usr/lib/libedit.3.dylib)
==23260==    by 0x1001402F9: history_w (in /usr/lib/libedit.3.dylib)
==23260==    by 0x10013BE24: el_wset (in /usr/lib/libedit.3.dylib)
==23260==    by 0x10014CE7B: el_set (in /usr/lib/libedit.3.dylib)
==23260==    by 0x100141D63: rl_initialize (in /usr/lib/libedit.3.dylib)
==23260==    by 0x100141FB1: readline (in /usr/lib/libedit.3.dylib)
==23260==    by 0x100001177: prep_minihell (main.c:19)
==23260==    by 0x1000012B5: main (main.c:55)
==23260== 
{
   <insert_a_suppression_name_here>
   Memcheck:Leak
   match-leak-kinds: reachable
   fun:malloc
   fun:history_w
   fun:rl_free_line_state
   fun:history_w
   fun:history_w
   fun:el_wset
   fun:el_set
   fun:rl_initialize
   fun:readline
   fun:prep_minihell
   fun:main
}
==23260== 32 bytes in 1 blocks are still reachable in loss record 36 of 112
==23260==    at 0x10012B545: malloc (in /usr/local/Cellar/valgrind/HEAD-6ff08b6/libexec/valgrind/vgpreload_memcheck-amd64-darwin.so)
==23260==    by 0x10013F786: history_w (in /usr/lib/libedit.3.dylib)
==23260==    by 0x1001489E0: rl_free_line_state (in /usr/lib/libedit.3.dylib)
==23260==    by 0x100140289: history_w (in /usr/lib/libedit.3.dylib)
==23260==    by 0x1001402F9: history_w (in /usr/lib/libedit.3.dylib)
==23260==    by 0x10013BE24: el_wset (in /usr/lib/libedit.3.dylib)
==23260==    by 0x10014CE7B: el_set (in /usr/lib/libedit.3.dylib)
==23260==    by 0x100141D63: rl_initialize (in /usr/lib/libedit.3.dylib)
==23260==    by 0x100141FB1: readline (in /usr/lib/libedit.3.dylib)
==23260==    by 0x100001177: prep_minihell (main.c:19)
==23260==    by 0x1000012B5: main (main.c:55)
==23260== 
{
   <insert_a_suppression_name_here>
   Memcheck:Leak
   match-leak-kinds: reachable
   fun:malloc
   fun:history_w
   fun:rl_free_line_state
   fun:history_w
   fun:history_w
   fun:el_wset
   fun:el_set
   fun:rl_initialize
   fun:readline
   fun:prep_minihell
   fun:main
}
==23260== 32 bytes in 1 blocks are still reachable in loss record 37 of 112
==23260==    at 0x10012B545: malloc (in /usr/local/Cellar/valgrind/HEAD-6ff08b6/libexec/valgrind/vgpreload_memcheck-amd64-darwin.so)
==23260==    by 0x10013F786: history_w (in /usr/lib/libedit.3.dylib)
==23260==    by 0x1001489FF: rl_free_line_state (in /usr/lib/libedit.3.dylib)
==23260==    by 0x100140289: history_w (in /usr/lib/libedit.3.dylib)
==23260==    by 0x1001402F9: history_w (in /usr/lib/libedit.3.dylib)
==23260==    by 0x10013BE24: el_wset (in /usr/lib/libedit.3.dylib)
==23260==    by 0x10014CE7B: el_set (in /usr/lib/libedit.3.dylib)
==23260==    by 0x100141D63: rl_initialize (in /usr/lib/libedit.3.dylib)
==23260==    by 0x100141FB1: readline (in /usr/lib/libedit.3.dylib)
==23260==    by 0x100001177: prep_minihell (main.c:19)
==23260==    by 0x1000012B5: main (main.c:55)
==23260== 
{
   <insert_a_suppression_name_here>
   Memcheck:Leak
   match-leak-kinds: reachable
   fun:malloc
   fun:history_w
   fun:rl_free_line_state
   fun:history_w
   fun:history_w
   fun:el_wset
   fun:el_set
   fun:rl_initialize
   fun:readline
   fun:prep_minihell
   fun:main
}
==23260== 32 bytes in 1 blocks are still reachable in loss record 38 of 112
==23260==    at 0x10012B545: malloc (in /usr/local/Cellar/valgrind/HEAD-6ff08b6/libexec/valgrind/vgpreload_memcheck-amd64-darwin.so)
==23260==    by 0x10013F786: history_w (in /usr/lib/libedit.3.dylib)
==23260==    by 0x100148A1E: rl_free_line_state (in /usr/lib/libedit.3.dylib)
==23260==    by 0x100140289: history_w (in /usr/lib/libedit.3.dylib)
==23260==    by 0x1001402F9: history_w (in /usr/lib/libedit.3.dylib)
==23260==    by 0x10013BE24: el_wset (in /usr/lib/libedit.3.dylib)
==23260==    by 0x10014CE7B: el_set (in /usr/lib/libedit.3.dylib)
==23260==    by 0x100141D63: rl_initialize (in /usr/lib/libedit.3.dylib)
==23260==    by 0x100141FB1: readline (in /usr/lib/libedit.3.dylib)
==23260==    by 0x100001177: prep_minihell (main.c:19)
==23260==    by 0x1000012B5: main (main.c:55)
==23260== 
{
   <insert_a_suppression_name_here>
   Memcheck:Leak
   match-leak-kinds: reachable
   fun:malloc
   fun:history_w
   fun:rl_free_line_state
   fun:history_w
   fun:history_w
   fun:el_wset
   fun:el_set
   fun:rl_initialize
   fun:readline
   fun:prep_minihell
   fun:main
}
==23260== 32 bytes in 1 blocks are still reachable in loss record 39 of 112
==23260==    at 0x10012B545: malloc (in /usr/local/Cellar/valgrind/HEAD-6ff08b6/libexec/valgrind/vgpreload_memcheck-amd64-darwin.so)
==23260==    by 0x10013F786: history_w (in /usr/lib/libedit.3.dylib)
==23260==    by 0x100148A3D: rl_free_line_state (in /usr/lib/libedit.3.dylib)
==23260==    by 0x100140289: history_w (in /usr/lib/libedit.3.dylib)
==23260==    by 0x1001402F9: history_w (in /usr/lib/libedit.3.dylib)
==23260==    by 0x10013BE24: el_wset (in /usr/lib/libedit.3.dylib)
==23260==    by 0x10014CE7B: el_set (in /usr/lib/libedit.3.dylib)
==23260==    by 0x100141D63: rl_initialize (in /usr/lib/libedit.3.dylib)
==23260==    by 0x100141FB1: readline (in /usr/lib/libedit.3.dylib)
==23260==    by 0x100001177: prep_minihell (main.c:19)
==23260==    by 0x1000012B5: main (main.c:55)
==23260== 
{
   <insert_a_suppression_name_here>
   Memcheck:Leak
   match-leak-kinds: reachable
   fun:malloc
   fun:history_w
   fun:rl_free_line_state
   fun:history_w
   fun:history_w
   fun:el_wset
   fun:el_set
   fun:rl_initialize
   fun:readline
   fun:prep_minihell
   fun:main
}
==23260== 32 bytes in 1 blocks are still reachable in loss record 40 of 112
==23260==    at 0x10012B545: malloc (in /usr/local/Cellar/valgrind/HEAD-6ff08b6/libexec/valgrind/vgpreload_memcheck-amd64-darwin.so)
==23260==    by 0x10013F786: history_w (in /usr/lib/libedit.3.dylib)
==23260==    by 0x100148A5C: rl_free_line_state (in /usr/lib/libedit.3.dylib)
==23260==    by 0x100140289: history_w (in /usr/lib/libedit.3.dylib)
==23260==    by 0x1001402F9: history_w (in /usr/lib/libedit.3.dylib)
==23260==    by 0x10013BE24: el_wset (in /usr/lib/libedit.3.dylib)
==23260==    by 0x10014CE7B: el_set (in /usr/lib/libedit.3.dylib)
==23260==    by 0x100141D63: rl_initialize (in /usr/lib/libedit.3.dylib)
==23260==    by 0x100141FB1: readline (in /usr/lib/libedit.3.dylib)
==23260==    by 0x100001177: prep_minihell (main.c:19)
==23260==    by 0x1000012B5: main (main.c:55)
==23260== 
{
   <insert_a_suppression_name_here>
   Memcheck:Leak
   match-leak-kinds: reachable
   fun:malloc
   fun:history_w
   fun:rl_free_line_state
   fun:history_w
   fun:history_w
   fun:el_wset
   fun:el_set
   fun:rl_initialize
   fun:readline
   fun:prep_minihell
   fun:main
}
==23260== 32 bytes in 1 blocks are still reachable in loss record 41 of 112
==23260==    at 0x10012B545: malloc (in /usr/local/Cellar/valgrind/HEAD-6ff08b6/libexec/valgrind/vgpreload_memcheck-amd64-darwin.so)
==23260==    by 0x10013F786: history_w (in /usr/lib/libedit.3.dylib)
==23260==    by 0x100148C80: rl_free_line_state (in /usr/lib/libedit.3.dylib)
==23260==    by 0x100140289: history_w (in /usr/lib/libedit.3.dylib)
==23260==    by 0x1001402F9: history_w (in /usr/lib/libedit.3.dylib)
==23260==    by 0x10013BE24: el_wset (in /usr/lib/libedit.3.dylib)
==23260==    by 0x10014CE7B: el_set (in /usr/lib/libedit.3.dylib)
==23260==    by 0x100141D63: rl_initialize (in /usr/lib/libedit.3.dylib)
==23260==    by 0x100141FB1: readline (in /usr/lib/libedit.3.dylib)
==23260==    by 0x100001177: prep_minihell (main.c:19)
==23260==    by 0x1000012B5: main (main.c:55)
==23260== 
{
   <insert_a_suppression_name_here>
   Memcheck:Leak
   match-leak-kinds: reachable
   fun:malloc
   fun:history_w
   fun:rl_free_line_state
   fun:history_w
   fun:history_w
   fun:el_wset
   fun:el_set
   fun:rl_initialize
   fun:readline
   fun:prep_minihell
   fun:main
}
==23260== 32 bytes in 1 blocks are still reachable in loss record 42 of 112
==23260==    at 0x10012B545: malloc (in /usr/local/Cellar/valgrind/HEAD-6ff08b6/libexec/valgrind/vgpreload_memcheck-amd64-darwin.so)
==23260==    by 0x10013F7CD: history_w (in /usr/lib/libedit.3.dylib)
==23260==    by 0x100148C80: rl_free_line_state (in /usr/lib/libedit.3.dylib)
==23260==    by 0x100140289: history_w (in /usr/lib/libedit.3.dylib)
==23260==    by 0x1001402F9: history_w (in /usr/lib/libedit.3.dylib)
==23260==    by 0x10013BE24: el_wset (in /usr/lib/libedit.3.dylib)
==23260==    by 0x10014CE7B: el_set (in /usr/lib/libedit.3.dylib)
==23260==    by 0x100141D63: rl_initialize (in /usr/lib/libedit.3.dylib)
==23260==    by 0x100141FB1: readline (in /usr/lib/libedit.3.dylib)
==23260==    by 0x100001177: prep_minihell (main.c:19)
==23260==    by 0x1000012B5: main (main.c:55)
==23260== 
{
   <insert_a_suppression_name_here>
   Memcheck:Leak
   match-leak-kinds: reachable
   fun:malloc
   fun:history_w
   fun:rl_free_line_state
   fun:history_w
   fun:history_w
   fun:el_wset
   fun:el_set
   fun:rl_initialize
   fun:readline
   fun:prep_minihell
   fun:main
}
==23260== 32 bytes in 1 blocks are still reachable in loss record 43 of 112
==23260==    at 0x10012B545: malloc (in /usr/local/Cellar/valgrind/HEAD-6ff08b6/libexec/valgrind/vgpreload_memcheck-amd64-darwin.so)
==23260==    by 0x10014D520: el_insertstr (in /usr/lib/libedit.3.dylib)
==23260==    by 0x10014CF22: el_set (in /usr/lib/libedit.3.dylib)
==23260==    by 0x100141E2D: rl_initialize (in /usr/lib/libedit.3.dylib)
==23260==    by 0x100141FB1: readline (in /usr/lib/libedit.3.dylib)
==23260==    by 0x100001177: prep_minihell (main.c:19)
==23260==    by 0x1000012B5: main (main.c:55)
==23260== 
{
   <insert_a_suppression_name_here>
   Memcheck:Leak
   match-leak-kinds: reachable
   fun:malloc
   fun:el_insertstr
   fun:el_set
   fun:rl_initialize
   fun:readline
   fun:prep_minihell
   fun:main
}
==23260== 32 bytes in 1 blocks are definitely lost in loss record 44 of 112
==23260==    at 0x10012BBA0: calloc (in /usr/local/Cellar/valgrind/HEAD-6ff08b6/libexec/valgrind/vgpreload_memcheck-amd64-darwin.so)
==23260==    by 0x1007755F3: objc::DenseMap<objc_class*, objc_class*, objc::DenseMapValueInfo<objc_class*>, objc::DenseMapInfo<objc_class*>, objc::detail::DenseMapPair<objc_class*, objc_class*> >::grow(unsigned int) (in /usr/lib/libobjc.A.dylib)
==23260==    by 0x10077569F: objc_class::mangledName() (in /usr/lib/libobjc.A.dylib)
==23260==    by 0x100761406: objc_opt::objc_stringhash_t::getIndex(char const*) const (in /usr/lib/libobjc.A.dylib)
==23260==    by 0x1007712D0: unmap_image (in /usr/lib/libobjc.A.dylib)
==23260==    by 0x10001D667: dyld::notifyBatchPartial(dyld_image_states, bool, char const* (*)(dyld_image_states, unsigned int, dyld_image_info const*), bool, bool) (in /usr/lib/dyld)
==23260==    by 0x10001D808: dyld::registerObjCNotifiers(void (*)(unsigned int, char const* const*, mach_header const* const*), void (*)(char const*, mach_header const*), void (*)(char const*, mach_header const*)) (in /usr/lib/dyld)
==23260==    by 0x10033AAD0: _dyld_objc_notify_register (in /usr/lib/system/libdyld.dylib)
==23260==    by 0x10075FDAF: map_images_nolock (in /usr/lib/libobjc.A.dylib)
==23260==    by 0x1002BCF38: _os_object_init (in /usr/lib/system/libdispatch.dylib)
==23260==    by 0x1002C90E7: libdispatch_init (in /usr/lib/system/libdispatch.dylib)
==23260==    by 0x100168790: libSystem_initializer (in /usr/lib/libSystem.B.dylib)
==23260== 
{
   <insert_a_suppression_name_here>
   Memcheck:Leak
   match-leak-kinds: definite
   fun:calloc
   fun:_ZN4objc8DenseMapIP10objc_classS2_NS_17DenseMapValueInfoIS2_EENS_12DenseMapInfoIS2_EENS_6detail12DenseMapPairIS2_S2_EEE4growEj
   fun:_ZN10objc_class11mangledNameEv
   fun:_ZNK8objc_opt17objc_stringhash_t8getIndexEPKc
   fun:unmap_image
   fun:_ZN4dyldL18notifyBatchPartialE17dyld_image_statesbPFPKcS0_jPK15dyld_image_infoEbb
   fun:_ZN4dyld21registerObjCNotifiersEPFvjPKPKcPKPK11mach_headerEPFvS1_S6_ESC_
   fun:_dyld_objc_notify_register
   fun:map_images_nolock
   fun:_os_object_init
   fun:libdispatch_init
   fun:libSystem_initializer
}
==23260== 32 bytes in 1 blocks are definitely lost in loss record 45 of 112
==23260==    at 0x10012BBA0: calloc (in /usr/local/Cellar/valgrind/HEAD-6ff08b6/libexec/valgrind/vgpreload_memcheck-amd64-darwin.so)
==23260==    by 0x1007755F3: objc::DenseMap<objc_class*, objc_class*, objc::DenseMapValueInfo<objc_class*>, objc::DenseMapInfo<objc_class*>, objc::detail::DenseMapPair<objc_class*, objc_class*> >::grow(unsigned int) (in /usr/lib/libobjc.A.dylib)
==23260==    by 0x1007756C6: objc_class::mangledName() (in /usr/lib/libobjc.A.dylib)
==23260==    by 0x10077569F: objc_class::mangledName() (in /usr/lib/libobjc.A.dylib)
==23260==    by 0x100761406: objc_opt::objc_stringhash_t::getIndex(char const*) const (in /usr/lib/libobjc.A.dylib)
==23260==    by 0x1007712D0: unmap_image (in /usr/lib/libobjc.A.dylib)
==23260==    by 0x10001D667: dyld::notifyBatchPartial(dyld_image_states, bool, char const* (*)(dyld_image_states, unsigned int, dyld_image_info const*), bool, bool) (in /usr/lib/dyld)
==23260==    by 0x10001D808: dyld::registerObjCNotifiers(void (*)(unsigned int, char const* const*, mach_header const* const*), void (*)(char const*, mach_header const*), void (*)(char const*, mach_header const*)) (in /usr/lib/dyld)
==23260==    by 0x10033AAD0: _dyld_objc_notify_register (in /usr/lib/system/libdyld.dylib)
==23260==    by 0x10075FDAF: map_images_nolock (in /usr/lib/libobjc.A.dylib)
==23260==    by 0x1002BCF38: _os_object_init (in /usr/lib/system/libdispatch.dylib)
==23260==    by 0x1002C90E7: libdispatch_init (in /usr/lib/system/libdispatch.dylib)
==23260== 
{
   <insert_a_suppression_name_here>
   Memcheck:Leak
   match-leak-kinds: definite
   fun:calloc
   fun:_ZN4objc8DenseMapIP10objc_classS2_NS_17DenseMapValueInfoIS2_EENS_12DenseMapInfoIS2_EENS_6detail12DenseMapPairIS2_S2_EEE4growEj
   fun:_ZN10objc_class11mangledNameEv
   fun:_ZN10objc_class11mangledNameEv
   fun:_ZNK8objc_opt17objc_stringhash_t8getIndexEPKc
   fun:unmap_image
   fun:_ZN4dyldL18notifyBatchPartialE17dyld_image_statesbPFPKcS0_jPK15dyld_image_infoEbb
   fun:_ZN4dyld21registerObjCNotifiersEPFvjPKPKcPKPK11mach_headerEPFvS1_S6_ESC_
   fun:_dyld_objc_notify_register
   fun:map_images_nolock
   fun:_os_object_init
   fun:libdispatch_init
}
==23260== 46 bytes in 1 blocks are still reachable in loss record 46 of 112
==23260==    at 0x10012BEE6: realloc (in /usr/local/Cellar/valgrind/HEAD-6ff08b6/libexec/valgrind/vgpreload_memcheck-amd64-darwin.so)
==23260==    by 0x100173516: _nc_doalloc (in /usr/lib/libncurses.5.4.dylib)
==23260==    by 0x10017310F: _nc_read_termtype (in /usr/lib/libncurses.5.4.dylib)
==23260==    by 0x1001729C6: _nc_read_file_entry (in /usr/lib/libncurses.5.4.dylib)
==23260==    by 0x1001725D7: _nc_read_entry (in /usr/lib/libncurses.5.4.dylib)
==23260==    by 0x1001721C4: _nc_setupterm (in /usr/lib/libncurses.5.4.dylib)
==23260==    by 0x100171C46: tgetent (in /usr/lib/libncurses.5.4.dylib)
==23260==    by 0x1001474BA: rl_free_line_state (in /usr/lib/libedit.3.dylib)
==23260==    by 0x10014731D: rl_free_line_state (in /usr/lib/libedit.3.dylib)
==23260==    by 0x10013B752: el_init (in /usr/lib/libedit.3.dylib)
==23260==    by 0x100141C27: rl_initialize (in /usr/lib/libedit.3.dylib)
==23260==    by 0x100141FB1: readline (in /usr/lib/libedit.3.dylib)
==23260== 
{
   <insert_a_suppression_name_here>
   Memcheck:Leak
   match-leak-kinds: reachable
   fun:realloc
   fun:_nc_doalloc
   fun:_nc_read_termtype
   fun:_nc_read_file_entry
   fun:_nc_read_entry
   fun:_nc_setupterm
   fun:tgetent
   fun:rl_free_line_state
   fun:rl_free_line_state
   fun:el_init
   fun:rl_initialize
   fun:readline
}
==23260== 48 bytes in 1 blocks are still reachable in loss record 49 of 112
==23260==    at 0x10012B545: malloc (in /usr/local/Cellar/valgrind/HEAD-6ff08b6/libexec/valgrind/vgpreload_memcheck-amd64-darwin.so)
==23260==    by 0x10014D520: el_insertstr (in /usr/lib/libedit.3.dylib)
==23260==    by 0x10014CF22: el_set (in /usr/lib/libedit.3.dylib)
==23260==    by 0x100141DE2: rl_initialize (in /usr/lib/libedit.3.dylib)
==23260==    by 0x100141FB1: readline (in /usr/lib/libedit.3.dylib)
==23260==    by 0x100001177: prep_minihell (main.c:19)
==23260==    by 0x1000012B5: main (main.c:55)
==23260== 
{
   <insert_a_suppression_name_here>
   Memcheck:Leak
   match-leak-kinds: reachable
   fun:malloc
   fun:el_insertstr
   fun:el_set
   fun:rl_initialize
   fun:readline
   fun:prep_minihell
   fun:main
}
==23260== 64 bytes in 1 blocks are still reachable in loss record 53 of 112
==23260==    at 0x10012B545: malloc (in /usr/local/Cellar/valgrind/HEAD-6ff08b6/libexec/valgrind/vgpreload_memcheck-amd64-darwin.so)
==23260==    by 0x10014D63A: history_init (in /usr/lib/libedit.3.dylib)
==23260==    by 0x10014D567: history_init (in /usr/lib/libedit.3.dylib)
==23260==    by 0x100141C48: rl_initialize (in /usr/lib/libedit.3.dylib)
==23260==    by 0x100141FB1: readline (in /usr/lib/libedit.3.dylib)
==23260==    by 0x100001177: prep_minihell (main.c:19)
==23260==    by 0x1000012B5: main (main.c:55)
==23260== 
{
   <insert_a_suppression_name_here>
   Memcheck:Leak
   match-leak-kinds: reachable
   fun:malloc
   fun:history_init
   fun:history_init
   fun:rl_initialize
   fun:readline
   fun:prep_minihell
   fun:main
}
==23260== 78 bytes in 1 blocks are still reachable in loss record 54 of 112
==23260==    at 0x10012BEE6: realloc (in /usr/local/Cellar/valgrind/HEAD-6ff08b6/libexec/valgrind/vgpreload_memcheck-amd64-darwin.so)
==23260==    by 0x100173516: _nc_doalloc (in /usr/lib/libncurses.5.4.dylib)
==23260==    by 0x100173124: _nc_read_termtype (in /usr/lib/libncurses.5.4.dylib)
==23260==    by 0x1001729C6: _nc_read_file_entry (in /usr/lib/libncurses.5.4.dylib)
==23260==    by 0x1001725D7: _nc_read_entry (in /usr/lib/libncurses.5.4.dylib)
==23260==    by 0x1001721C4: _nc_setupterm (in /usr/lib/libncurses.5.4.dylib)
==23260==    by 0x100171C46: tgetent (in /usr/lib/libncurses.5.4.dylib)
==23260==    by 0x1001474BA: rl_free_line_state (in /usr/lib/libedit.3.dylib)
==23260==    by 0x10014731D: rl_free_line_state (in /usr/lib/libedit.3.dylib)
==23260==    by 0x10013B752: el_init (in /usr/lib/libedit.3.dylib)
==23260==    by 0x100141C27: rl_initialize (in /usr/lib/libedit.3.dylib)
==23260==    by 0x100141FB1: readline (in /usr/lib/libedit.3.dylib)
==23260== 
{
   <insert_a_suppression_name_here>
   Memcheck:Leak
   match-leak-kinds: reachable
   fun:realloc
   fun:_nc_doalloc
   fun:_nc_read_termtype
   fun:_nc_read_file_entry
   fun:_nc_read_entry
   fun:_nc_setupterm
   fun:tgetent
   fun:rl_free_line_state
   fun:rl_free_line_state
   fun:el_init
   fun:rl_initialize
   fun:readline
}
==23260== 80 bytes in 1 blocks are still reachable in loss record 55 of 112
==23260==    at 0x10012B545: malloc (in /usr/local/Cellar/valgrind/HEAD-6ff08b6/libexec/valgrind/vgpreload_memcheck-amd64-darwin.so)
==23260==    by 0x10013A56E: ??? (in /usr/lib/libedit.3.dylib)
==23260==    by 0x10013B780: el_init (in /usr/lib/libedit.3.dylib)
==23260==    by 0x100141C27: rl_initialize (in /usr/lib/libedit.3.dylib)
==23260==    by 0x100141FB1: readline (in /usr/lib/libedit.3.dylib)
==23260==    by 0x100001177: prep_minihell (main.c:19)
==23260==    by 0x1000012B5: main (main.c:55)
==23260== 
{
   <insert_a_suppression_name_here>
   Memcheck:Leak
   match-leak-kinds: reachable
   fun:malloc
   obj:/usr/lib/libedit.3.dylib
   fun:el_init
   fun:rl_initialize
   fun:readline
   fun:prep_minihell
   fun:main
}
==23260== 80 bytes in 2 blocks are still reachable in loss record 56 of 112
==23260==    at 0x10012B545: malloc (in /usr/local/Cellar/valgrind/HEAD-6ff08b6/libexec/valgrind/vgpreload_memcheck-amd64-darwin.so)
==23260==    by 0x10014D8D1: history_init (in /usr/lib/libedit.3.dylib)
==23260==    by 0x10014E170: history (in /usr/lib/libedit.3.dylib)
==23260==    by 0x1001433DC: add_history (in /usr/lib/libedit.3.dylib)
==23260==    by 0x1000012C7: main (main.c:57)
==23260== 
{
   <insert_a_suppression_name_here>
   Memcheck:Leak
   match-leak-kinds: reachable
   fun:malloc
   fun:history_init
   fun:history
   fun:add_history
   fun:main
}
==23260== 83 bytes in 1 blocks are still reachable in loss record 57 of 112
==23260==    at 0x10012B545: malloc (in /usr/local/Cellar/valgrind/HEAD-6ff08b6/libexec/valgrind/vgpreload_memcheck-amd64-darwin.so)
==23260==    by 0x1001753A3: _nc_tparm_analyze (in /usr/lib/libncurses.5.4.dylib)
==23260==    by 0x100173D71: tparm (in /usr/lib/libncurses.5.4.dylib)
==23260==    by 0x10018E4D6: _nc_remove_string (in /usr/lib/libncurses.5.4.dylib)
==23260==    by 0x100173848: _nc_trim_sgr0 (in /usr/lib/libncurses.5.4.dylib)
==23260==    by 0x100171E0F: tgetent (in /usr/lib/libncurses.5.4.dylib)
==23260==    by 0x1001474BA: rl_free_line_state (in /usr/lib/libedit.3.dylib)
==23260==    by 0x10014731D: rl_free_line_state (in /usr/lib/libedit.3.dylib)
==23260==    by 0x10013B752: el_init (in /usr/lib/libedit.3.dylib)
==23260==    by 0x100141C27: rl_initialize (in /usr/lib/libedit.3.dylib)
==23260==    by 0x100141FB1: readline (in /usr/lib/libedit.3.dylib)
==23260==    by 0x100001177: prep_minihell (main.c:19)
==23260== 
{
   <insert_a_suppression_name_here>
   Memcheck:Leak
   match-leak-kinds: reachable
   fun:malloc
   fun:_nc_tparm_analyze
   fun:tparm
   fun:_nc_remove_string
   fun:_nc_trim_sgr0
   fun:tgetent
   fun:rl_free_line_state
   fun:rl_free_line_state
   fun:el_init
   fun:rl_initialize
   fun:readline
   fun:prep_minihell
}
==23260== 96 bytes in 1 blocks are still reachable in loss record 58 of 112
==23260==    at 0x10012B545: malloc (in /usr/local/Cellar/valgrind/HEAD-6ff08b6/libexec/valgrind/vgpreload_memcheck-amd64-darwin.so)
==23260==    by 0x10014D553: history_init (in /usr/lib/libedit.3.dylib)
==23260==    by 0x100141C48: rl_initialize (in /usr/lib/libedit.3.dylib)
==23260==    by 0x100141FB1: readline (in /usr/lib/libedit.3.dylib)
==23260==    by 0x100001177: prep_minihell (main.c:19)
==23260==    by 0x1000012B5: main (main.c:55)
==23260== 
{
   <insert_a_suppression_name_here>
   Memcheck:Leak
   match-leak-kinds: reachable
   fun:malloc
   fun:history_init
   fun:rl_initialize
   fun:readline
   fun:prep_minihell
   fun:main
}
==23260== 120 bytes in 1 blocks are still reachable in loss record 61 of 112
==23260==    at 0x10012B545: malloc (in /usr/local/Cellar/valgrind/HEAD-6ff08b6/libexec/valgrind/vgpreload_memcheck-amd64-darwin.so)
==23260==    by 0x100146F72: rl_free_line_state (in /usr/lib/libedit.3.dylib)
==23260==    by 0x10013B7A0: el_init (in /usr/lib/libedit.3.dylib)
==23260==    by 0x100141C27: rl_initialize (in /usr/lib/libedit.3.dylib)
==23260==    by 0x100141FB1: readline (in /usr/lib/libedit.3.dylib)
==23260==    by 0x100001177: prep_minihell (main.c:19)
==23260==    by 0x1000012B5: main (main.c:55)
==23260== 
{
   <insert_a_suppression_name_here>
   Memcheck:Leak
   match-leak-kinds: reachable
   fun:malloc
   fun:rl_free_line_state
   fun:el_init
   fun:rl_initialize
   fun:readline
   fun:prep_minihell
   fun:main
}
==23260== 128 bytes in 1 blocks are definitely lost in loss record 63 of 112
==23260==    at 0x10012BBA0: calloc (in /usr/local/Cellar/valgrind/HEAD-6ff08b6/libexec/valgrind/vgpreload_memcheck-amd64-darwin.so)
==23260==    by 0x100764667: objc_msgSend_stret (in /usr/lib/libobjc.A.dylib)
==23260==    by 0x1002BCFEC: _os_object_alloc_realized (in /usr/lib/system/libdispatch.dylib)
==23260==    by 0x1002C1BC5: _dispatch_lane_create_with_target (in /usr/lib/system/libdispatch.dylib)
==23260==    by 0x1006C45F5: _libtrace_init (in /usr/lib/system/libsystem_trace.dylib)
==23260==    by 0x1001687B0: libSystem_initializer (in /usr/lib/libSystem.B.dylib)
==23260==    by 0x1000331D2: ImageLoaderMachO::doModInitFunctions(ImageLoader::LinkContext const&) (in /usr/lib/dyld)
==23260==    by 0x1000335DD: ImageLoaderMachO::doInitialization(ImageLoader::LinkContext const&) (in /usr/lib/dyld)
==23260==    by 0x10002DFFA: ImageLoader::recursiveInitialization(ImageLoader::LinkContext const&, unsigned int, char const*, ImageLoader::InitializerTimingList&, ImageLoader::UninitedUpwards&) (in /usr/lib/dyld)
==23260==    by 0x10002DF65: ImageLoader::recursiveInitialization(ImageLoader::LinkContext const&, unsigned int, char const*, ImageLoader::InitializerTimingList&, ImageLoader::UninitedUpwards&) (in /usr/lib/dyld)
==23260==    by 0x10002C0B3: ImageLoader::processInitializers(ImageLoader::LinkContext const&, unsigned int, ImageLoader::InitializerTimingList&, ImageLoader::UninitedUpwards&) (in /usr/lib/dyld)
==23260==    by 0x10002C153: ImageLoader::runInitializers(ImageLoader::LinkContext const&, ImageLoader::InitializerTimingList&) (in /usr/lib/dyld)
==23260== 
{
   <insert_a_suppression_name_here>
   Memcheck:Leak
   match-leak-kinds: definite
   fun:calloc
   fun:objc_msgSend_stret
   fun:_os_object_alloc_realized
   fun:_dispatch_lane_create_with_target
   fun:_libtrace_init
   fun:libSystem_initializer
   fun:_ZN16ImageLoaderMachO18doModInitFunctionsERKN11ImageLoader11LinkContextE
   fun:_ZN16ImageLoaderMachO16doInitializationERKN11ImageLoader11LinkContextE
   fun:_ZN11ImageLoader23recursiveInitializationERKNS_11LinkContextEjPKcRNS_21InitializerTimingListERNS_15UninitedUpwardsE
   fun:_ZN11ImageLoader23recursiveInitializationERKNS_11LinkContextEjPKcRNS_21InitializerTimingListERNS_15UninitedUpwardsE
   fun:_ZN11ImageLoader19processInitializersERKNS_11LinkContextEjRNS_21InitializerTimingListERNS_15UninitedUpwardsE
   fun:_ZN11ImageLoader15runInitializersERKNS_11LinkContextERNS_21InitializerTimingListE
}
==23260== 148 bytes in 1 blocks are still reachable in loss record 64 of 112
==23260==    at 0x10012B545: malloc (in /usr/local/Cellar/valgrind/HEAD-6ff08b6/libexec/valgrind/vgpreload_memcheck-amd64-darwin.so)
==23260==    by 0x10014D520: el_insertstr (in /usr/lib/libedit.3.dylib)
==23260==    by 0x10014CF2E: el_set (in /usr/lib/libedit.3.dylib)
==23260==    by 0x100141E2D: rl_initialize (in /usr/lib/libedit.3.dylib)
==23260==    by 0x100141FB1: readline (in /usr/lib/libedit.3.dylib)
==23260==    by 0x100001177: prep_minihell (main.c:19)
==23260==    by 0x1000012B5: main (main.c:55)
==23260== 
{
   <insert_a_suppression_name_here>
   Memcheck:Leak
   match-leak-kinds: reachable
   fun:malloc
   fun:el_insertstr
   fun:el_set
   fun:rl_initialize
   fun:readline
   fun:prep_minihell
   fun:main
}
==23260== 160 bytes in 1 blocks are still reachable in loss record 65 of 112
==23260==    at 0x10012B545: malloc (in /usr/local/Cellar/valgrind/HEAD-6ff08b6/libexec/valgrind/vgpreload_memcheck-amd64-darwin.so)
==23260==    by 0x10014D520: el_insertstr (in /usr/lib/libedit.3.dylib)
==23260==    by 0x10014CF2E: el_set (in /usr/lib/libedit.3.dylib)
==23260==    by 0x100141DE2: rl_initialize (in /usr/lib/libedit.3.dylib)
==23260==    by 0x100141FB1: readline (in /usr/lib/libedit.3.dylib)
==23260==    by 0x100001177: prep_minihell (main.c:19)
==23260==    by 0x1000012B5: main (main.c:55)
==23260== 
{
   <insert_a_suppression_name_here>
   Memcheck:Leak
   match-leak-kinds: reachable
   fun:malloc
   fun:el_insertstr
   fun:el_set
   fun:rl_initialize
   fun:readline
   fun:prep_minihell
   fun:main
}
==23260== 224 bytes in 1 blocks are still reachable in loss record 67 of 112
==23260==    at 0x10012B545: malloc (in /usr/local/Cellar/valgrind/HEAD-6ff08b6/libexec/valgrind/vgpreload_memcheck-amd64-darwin.so)
==23260==    by 0x1001472A5: rl_free_line_state (in /usr/lib/libedit.3.dylib)
==23260==    by 0x10013B752: el_init (in /usr/lib/libedit.3.dylib)
==23260==    by 0x100141C27: rl_initialize (in /usr/lib/libedit.3.dylib)
==23260==    by 0x100141FB1: readline (in /usr/lib/libedit.3.dylib)
==23260==    by 0x100001177: prep_minihell (main.c:19)
==23260==    by 0x1000012B5: main (main.c:55)
==23260== 
{
   <insert_a_suppression_name_here>
   Memcheck:Leak
   match-leak-kinds: reachable
   fun:malloc
   fun:rl_free_line_state
   fun:el_init
   fun:rl_initialize
   fun:readline
   fun:prep_minihell
   fun:main
}
==23260== 240 bytes in 1 blocks are still reachable in loss record 68 of 112
==23260==    at 0x10012BBA0: calloc (in /usr/local/Cellar/valgrind/HEAD-6ff08b6/libexec/valgrind/vgpreload_memcheck-amd64-darwin.so)
==23260==    by 0x10017219F: _nc_setupterm (in /usr/lib/libncurses.5.4.dylib)
==23260==    by 0x100171C46: tgetent (in /usr/lib/libncurses.5.4.dylib)
==23260==    by 0x1001474BA: rl_free_line_state (in /usr/lib/libedit.3.dylib)
==23260==    by 0x10014731D: rl_free_line_state (in /usr/lib/libedit.3.dylib)
==23260==    by 0x10013B752: el_init (in /usr/lib/libedit.3.dylib)
==23260==    by 0x100141C27: rl_initialize (in /usr/lib/libedit.3.dylib)
==23260==    by 0x100141FB1: readline (in /usr/lib/libedit.3.dylib)
==23260==    by 0x100001177: prep_minihell (main.c:19)
==23260==    by 0x1000012B5: main (main.c:55)
==23260== 
{
   <insert_a_suppression_name_here>
   Memcheck:Leak
   match-leak-kinds: reachable
   fun:calloc
   fun:_nc_setupterm
   fun:tgetent
   fun:rl_free_line_state
   fun:rl_free_line_state
   fun:el_init
   fun:rl_initialize
   fun:readline
   fun:prep_minihell
   fun:main
}
==23260== 244 bytes in 6 blocks are indirectly lost in loss record 69 of 112
==23260==    at 0x10012B545: malloc (in /usr/local/Cellar/valgrind/HEAD-6ff08b6/libexec/valgrind/vgpreload_memcheck-amd64-darwin.so)
==23260==    by 0x100451CE5: strdup (in /usr/lib/system/libsystem_c.dylib)
==23260==    by 0x1006FC85D: xpc_string_create (in /usr/lib/system/libxpc.dylib)
==23260==    by 0x1006FC82F: xpc_dictionary_set_string (in /usr/lib/system/libxpc.dylib)
==23260==    by 0x1006FC685: _xpc_collect_environment (in /usr/lib/system/libxpc.dylib)
==23260==    by 0x1006FC292: _libxpc_initializer (in /usr/lib/system/libxpc.dylib)
==23260==    by 0x1001687A0: libSystem_initializer (in /usr/lib/libSystem.B.dylib)
==23260==    by 0x1000331D2: ImageLoaderMachO::doModInitFunctions(ImageLoader::LinkContext const&) (in /usr/lib/dyld)
==23260==    by 0x1000335DD: ImageLoaderMachO::doInitialization(ImageLoader::LinkContext const&) (in /usr/lib/dyld)
==23260==    by 0x10002DFFA: ImageLoader::recursiveInitialization(ImageLoader::LinkContext const&, unsigned int, char const*, ImageLoader::InitializerTimingList&, ImageLoader::UninitedUpwards&) (in /usr/lib/dyld)
==23260==    by 0x10002DF65: ImageLoader::recursiveInitialization(ImageLoader::LinkContext const&, unsigned int, char const*, ImageLoader::InitializerTimingList&, ImageLoader::UninitedUpwards&) (in /usr/lib/dyld)
==23260==    by 0x10002C0B3: ImageLoader::processInitializers(ImageLoader::LinkContext const&, unsigned int, ImageLoader::InitializerTimingList&, ImageLoader::UninitedUpwards&) (in /usr/lib/dyld)
==23260== 
{
   <insert_a_suppression_name_here>
   Memcheck:Leak
   match-leak-kinds: indirect
   fun:malloc
   fun:strdup
   fun:xpc_string_create
   fun:xpc_dictionary_set_string
   fun:_xpc_collect_environment
   fun:_libxpc_initializer
   fun:libSystem_initializer
   fun:_ZN16ImageLoaderMachO18doModInitFunctionsERKN11ImageLoader11LinkContextE
   fun:_ZN16ImageLoaderMachO16doInitializationERKN11ImageLoader11LinkContextE
   fun:_ZN11ImageLoader23recursiveInitializationERKNS_11LinkContextEjPKcRNS_21InitializerTimingListERNS_15UninitedUpwardsE
   fun:_ZN11ImageLoader23recursiveInitializationERKNS_11LinkContextEjPKcRNS_21InitializerTimingListERNS_15UninitedUpwardsE
   fun:_ZN11ImageLoader19processInitializersERKNS_11LinkContextEjRNS_21InitializerTimingListERNS_15UninitedUpwardsE
}
==23260== 256 bytes in 1 blocks are still reachable in loss record 70 of 112
==23260==    at 0x10012B545: malloc (in /usr/local/Cellar/valgrind/HEAD-6ff08b6/libexec/valgrind/vgpreload_memcheck-amd64-darwin.so)
==23260==    by 0x10013FE66: history_w (in /usr/lib/libedit.3.dylib)
==23260==    by 0x10013B767: el_init (in /usr/lib/libedit.3.dylib)
==23260==    by 0x100141C27: rl_initialize (in /usr/lib/libedit.3.dylib)
==23260==    by 0x100141FB1: readline (in /usr/lib/libedit.3.dylib)
==23260==    by 0x100001177: prep_minihell (main.c:19)
==23260==    by 0x1000012B5: main (main.c:55)
==23260== 
{
   <insert_a_suppression_name_here>
   Memcheck:Leak
   match-leak-kinds: reachable
   fun:malloc
   fun:history_w
   fun:el_init
   fun:rl_initialize
   fun:readline
   fun:prep_minihell
   fun:main
}
==23260== 256 bytes in 1 blocks are still reachable in loss record 71 of 112
==23260==    at 0x10012B545: malloc (in /usr/local/Cellar/valgrind/HEAD-6ff08b6/libexec/valgrind/vgpreload_memcheck-amd64-darwin.so)
==23260==    by 0x10013FE86: history_w (in /usr/lib/libedit.3.dylib)
==23260==    by 0x10013B767: el_init (in /usr/lib/libedit.3.dylib)
==23260==    by 0x100141C27: rl_initialize (in /usr/lib/libedit.3.dylib)
==23260==    by 0x100141FB1: readline (in /usr/lib/libedit.3.dylib)
==23260==    by 0x100001177: prep_minihell (main.c:19)
==23260==    by 0x1000012B5: main (main.c:55)
==23260== 
{
   <insert_a_suppression_name_here>
   Memcheck:Leak
   match-leak-kinds: reachable
   fun:malloc
   fun:history_w
   fun:el_init
   fun:rl_initialize
   fun:readline
   fun:prep_minihell
   fun:main
}
==23260== 260 bytes in 2 blocks are indirectly lost in loss record 72 of 112
==23260==    at 0x10012B545: malloc (in /usr/local/Cellar/valgrind/HEAD-6ff08b6/libexec/valgrind/vgpreload_memcheck-amd64-darwin.so)
==23260==    by 0x1006FCC06: _xpc_malloc (in /usr/lib/system/libxpc.dylib)
==23260==    by 0x1006FCAE1: _xpc_dictionary_insert (in /usr/lib/system/libxpc.dylib)
==23260==    by 0x1006FCE87: _xpc_dyld_image_callback (in /usr/lib/system/libxpc.dylib)
==23260==    by 0x10001C99C: dyld::registerBulkLoadCallback(void (*)(unsigned int, mach_header const**, char const**)) (in /usr/lib/dyld)
==23260==    by 0x1006FCD1A: _xpc_collect_images (in /usr/lib/system/libxpc.dylib)
==23260==    by 0x1006FC297: _libxpc_initializer (in /usr/lib/system/libxpc.dylib)
==23260==    by 0x1001687A0: libSystem_initializer (in /usr/lib/libSystem.B.dylib)
==23260==    by 0x1000331D2: ImageLoaderMachO::doModInitFunctions(ImageLoader::LinkContext const&) (in /usr/lib/dyld)
==23260==    by 0x1000335DD: ImageLoaderMachO::doInitialization(ImageLoader::LinkContext const&) (in /usr/lib/dyld)
==23260==    by 0x10002DFFA: ImageLoader::recursiveInitialization(ImageLoader::LinkContext const&, unsigned int, char const*, ImageLoader::InitializerTimingList&, ImageLoader::UninitedUpwards&) (in /usr/lib/dyld)
==23260==    by 0x10002DF65: ImageLoader::recursiveInitialization(ImageLoader::LinkContext const&, unsigned int, char const*, ImageLoader::InitializerTimingList&, ImageLoader::UninitedUpwards&) (in /usr/lib/dyld)
==23260== 
{
   <insert_a_suppression_name_here>
   Memcheck:Leak
   match-leak-kinds: indirect
   fun:malloc
   fun:_xpc_malloc
   fun:_xpc_dictionary_insert
   fun:_xpc_dyld_image_callback
   fun:_ZN4dyld24registerBulkLoadCallbackEPFvjPPK11mach_headerPPKcE
   fun:_xpc_collect_images
   fun:_libxpc_initializer
   fun:libSystem_initializer
   fun:_ZN16ImageLoaderMachO18doModInitFunctionsERKN11ImageLoader11LinkContextE
   fun:_ZN16ImageLoaderMachO16doInitializationERKN11ImageLoader11LinkContextE
   fun:_ZN11ImageLoader23recursiveInitializationERKNS_11LinkContextEjPKcRNS_21InitializerTimingListERNS_15UninitedUpwardsE
   fun:_ZN11ImageLoader23recursiveInitializationERKNS_11LinkContextEjPKcRNS_21InitializerTimingListERNS_15UninitedUpwardsE
}
==23260== 288 bytes in 6 blocks are indirectly lost in loss record 74 of 112
==23260==    at 0x10012BBA0: calloc (in /usr/local/Cellar/valgrind/HEAD-6ff08b6/libexec/valgrind/vgpreload_memcheck-amd64-darwin.so)
==23260==    by 0x100764667: objc_msgSend_stret (in /usr/lib/libobjc.A.dylib)
==23260==    by 0x1002BCFEC: _os_object_alloc_realized (in /usr/lib/system/libdispatch.dylib)
==23260==    by 0x100718D06: _xpc_string_create (in /usr/lib/system/libxpc.dylib)
==23260==    by 0x1006FC82F: xpc_dictionary_set_string (in /usr/lib/system/libxpc.dylib)
==23260==    by 0x1006FC685: _xpc_collect_environment (in /usr/lib/system/libxpc.dylib)
==23260==    by 0x1006FC292: _libxpc_initializer (in /usr/lib/system/libxpc.dylib)
==23260==    by 0x1001687A0: libSystem_initializer (in /usr/lib/libSystem.B.dylib)
==23260==    by 0x1000331D2: ImageLoaderMachO::doModInitFunctions(ImageLoader::LinkContext const&) (in /usr/lib/dyld)
==23260==    by 0x1000335DD: ImageLoaderMachO::doInitialization(ImageLoader::LinkContext const&) (in /usr/lib/dyld)
==23260==    by 0x10002DFFA: ImageLoader::recursiveInitialization(ImageLoader::LinkContext const&, unsigned int, char const*, ImageLoader::InitializerTimingList&, ImageLoader::UninitedUpwards&) (in /usr/lib/dyld)
==23260==    by 0x10002DF65: ImageLoader::recursiveInitialization(ImageLoader::LinkContext const&, unsigned int, char const*, ImageLoader::InitializerTimingList&, ImageLoader::UninitedUpwards&) (in /usr/lib/dyld)
==23260== 
{
   <insert_a_suppression_name_here>
   Memcheck:Leak
   match-leak-kinds: indirect
   fun:calloc
   fun:objc_msgSend_stret
   fun:_os_object_alloc_realized
   fun:_xpc_string_create
   fun:xpc_dictionary_set_string
   fun:_xpc_collect_environment
   fun:_libxpc_initializer
   fun:libSystem_initializer
   fun:_ZN16ImageLoaderMachO18doModInitFunctionsERKN11ImageLoader11LinkContextE
   fun:_ZN16ImageLoaderMachO16doInitializationERKN11ImageLoader11LinkContextE
   fun:_ZN11ImageLoader23recursiveInitializationERKNS_11LinkContextEjPKcRNS_21InitializerTimingListERNS_15UninitedUpwardsE
   fun:_ZN11ImageLoader23recursiveInitializationERKNS_11LinkContextEjPKcRNS_21InitializerTimingListERNS_15UninitedUpwardsE
}
==23260== 296 bytes in 1 blocks are still reachable in loss record 75 of 112
==23260==    at 0x10012B545: malloc (in /usr/local/Cellar/valgrind/HEAD-6ff08b6/libexec/valgrind/vgpreload_memcheck-amd64-darwin.so)
==23260==    by 0x100148788: rl_free_line_state (in /usr/lib/libedit.3.dylib)
==23260==    by 0x1001476CC: rl_free_line_state (in /usr/lib/libedit.3.dylib)
==23260==    by 0x10014731D: rl_free_line_state (in /usr/lib/libedit.3.dylib)
==23260==    by 0x10013B752: el_init (in /usr/lib/libedit.3.dylib)
==23260==    by 0x100141C27: rl_initialize (in /usr/lib/libedit.3.dylib)
==23260==    by 0x100141FB1: readline (in /usr/lib/libedit.3.dylib)
==23260==    by 0x100001177: prep_minihell (main.c:19)
==23260==    by 0x1000012B5: main (main.c:55)
==23260== 
{
   <insert_a_suppression_name_here>
   Memcheck:Leak
   match-leak-kinds: reachable
   fun:malloc
   fun:rl_free_line_state
   fun:rl_free_line_state
   fun:rl_free_line_state
   fun:el_init
   fun:rl_initialize
   fun:readline
   fun:prep_minihell
   fun:main
}
==23260== 296 bytes in 1 blocks are still reachable in loss record 76 of 112
==23260==    at 0x10012B545: malloc (in /usr/local/Cellar/valgrind/HEAD-6ff08b6/libexec/valgrind/vgpreload_memcheck-amd64-darwin.so)
==23260==    by 0x1001487DF: rl_free_line_state (in /usr/lib/libedit.3.dylib)
==23260==    by 0x1001476CC: rl_free_line_state (in /usr/lib/libedit.3.dylib)
==23260==    by 0x10014731D: rl_free_line_state (in /usr/lib/libedit.3.dylib)
==23260==    by 0x10013B752: el_init (in /usr/lib/libedit.3.dylib)
==23260==    by 0x100141C27: rl_initialize (in /usr/lib/libedit.3.dylib)
==23260==    by 0x100141FB1: readline (in /usr/lib/libedit.3.dylib)
==23260==    by 0x100001177: prep_minihell (main.c:19)
==23260==    by 0x1000012B5: main (main.c:55)
==23260== 
{
   <insert_a_suppression_name_here>
   Memcheck:Leak
   match-leak-kinds: reachable
   fun:malloc
   fun:rl_free_line_state
   fun:rl_free_line_state
   fun:rl_free_line_state
   fun:el_init
   fun:rl_initialize
   fun:readline
   fun:prep_minihell
   fun:main
}
==23260== 300 bytes in 6 blocks are indirectly lost in loss record 77 of 112
==23260==    at 0x10012B545: malloc (in /usr/local/Cellar/valgrind/HEAD-6ff08b6/libexec/valgrind/vgpreload_memcheck-amd64-darwin.so)
==23260==    by 0x1006FCC06: _xpc_malloc (in /usr/lib/system/libxpc.dylib)
==23260==    by 0x1006FCAE1: _xpc_dictionary_insert (in /usr/lib/system/libxpc.dylib)
==23260==    by 0x1006FC840: xpc_dictionary_set_string (in /usr/lib/system/libxpc.dylib)
==23260==    by 0x1006FC685: _xpc_collect_environment (in /usr/lib/system/libxpc.dylib)
==23260==    by 0x1006FC292: _libxpc_initializer (in /usr/lib/system/libxpc.dylib)
==23260==    by 0x1001687A0: libSystem_initializer (in /usr/lib/libSystem.B.dylib)
==23260==    by 0x1000331D2: ImageLoaderMachO::doModInitFunctions(ImageLoader::LinkContext const&) (in /usr/lib/dyld)
==23260==    by 0x1000335DD: ImageLoaderMachO::doInitialization(ImageLoader::LinkContext const&) (in /usr/lib/dyld)
==23260==    by 0x10002DFFA: ImageLoader::recursiveInitialization(ImageLoader::LinkContext const&, unsigned int, char const*, ImageLoader::InitializerTimingList&, ImageLoader::UninitedUpwards&) (in /usr/lib/dyld)
==23260==    by 0x10002DF65: ImageLoader::recursiveInitialization(ImageLoader::LinkContext const&, unsigned int, char const*, ImageLoader::InitializerTimingList&, ImageLoader::UninitedUpwards&) (in /usr/lib/dyld)
==23260==    by 0x10002C0B3: ImageLoader::processInitializers(ImageLoader::LinkContext const&, unsigned int, ImageLoader::InitializerTimingList&, ImageLoader::UninitedUpwards&) (in /usr/lib/dyld)
==23260== 
{
   <insert_a_suppression_name_here>
   Memcheck:Leak
   match-leak-kinds: indirect
   fun:malloc
   fun:_xpc_malloc
   fun:_xpc_dictionary_insert
   fun:xpc_dictionary_set_string
   fun:_xpc_collect_environment
   fun:_libxpc_initializer
   fun:libSystem_initializer
   fun:_ZN16ImageLoaderMachO18doModInitFunctionsERKN11ImageLoader11LinkContextE
   fun:_ZN16ImageLoaderMachO16doInitializationERKN11ImageLoader11LinkContextE
   fun:_ZN11ImageLoader23recursiveInitializationERKNS_11LinkContextEjPKcRNS_21InitializerTimingListERNS_15UninitedUpwardsE
   fun:_ZN11ImageLoader23recursiveInitializationERKNS_11LinkContextEjPKcRNS_21InitializerTimingListERNS_15UninitedUpwardsE
   fun:_ZN11ImageLoader19processInitializersERKNS_11LinkContextEjRNS_21InitializerTimingListERNS_15UninitedUpwardsE
}
==23260== 312 bytes in 1 blocks are still reachable in loss record 78 of 112
==23260==    at 0x10012B545: malloc (in /usr/local/Cellar/valgrind/HEAD-6ff08b6/libexec/valgrind/vgpreload_memcheck-amd64-darwin.so)
==23260==    by 0x1001472CA: rl_free_line_state (in /usr/lib/libedit.3.dylib)
==23260==    by 0x10013B752: el_init (in /usr/lib/libedit.3.dylib)
==23260==    by 0x100141C27: rl_initialize (in /usr/lib/libedit.3.dylib)
==23260==    by 0x100141FB1: readline (in /usr/lib/libedit.3.dylib)
==23260==    by 0x100001177: prep_minihell (main.c:19)
==23260==    by 0x1000012B5: main (main.c:55)
==23260== 
{
   <insert_a_suppression_name_here>
   Memcheck:Leak
   match-leak-kinds: reachable
   fun:malloc
   fun:rl_free_line_state
   fun:el_init
   fun:rl_initialize
   fun:readline
   fun:prep_minihell
   fun:main
}
==23260== 356 (96 direct, 260 indirect) bytes in 1 blocks are definitely lost in loss record 79 of 112
==23260==    at 0x10012BBA0: calloc (in /usr/local/Cellar/valgrind/HEAD-6ff08b6/libexec/valgrind/vgpreload_memcheck-amd64-darwin.so)
==23260==    by 0x100764667: objc_msgSend_stret (in /usr/lib/libobjc.A.dylib)
==23260==    by 0x1002BCFEC: _os_object_alloc_realized (in /usr/lib/system/libdispatch.dylib)
==23260==    by 0x1006FC7D7: xpc_dictionary_create (in /usr/lib/system/libxpc.dylib)
==23260==    by 0x1006FCE02: _xpc_dyld_image_callback (in /usr/lib/system/libxpc.dylib)
==23260==    by 0x10001C99C: dyld::registerBulkLoadCallback(void (*)(unsigned int, mach_header const**, char const**)) (in /usr/lib/dyld)
==23260==    by 0x1006FCD1A: _xpc_collect_images (in /usr/lib/system/libxpc.dylib)
==23260==    by 0x1006FC297: _libxpc_initializer (in /usr/lib/system/libxpc.dylib)
==23260==    by 0x1001687A0: libSystem_initializer (in /usr/lib/libSystem.B.dylib)
==23260==    by 0x1000331D2: ImageLoaderMachO::doModInitFunctions(ImageLoader::LinkContext const&) (in /usr/lib/dyld)
==23260==    by 0x1000335DD: ImageLoaderMachO::doInitialization(ImageLoader::LinkContext const&) (in /usr/lib/dyld)
==23260==    by 0x10002DFFA: ImageLoader::recursiveInitialization(ImageLoader::LinkContext const&, unsigned int, char const*, ImageLoader::InitializerTimingList&, ImageLoader::UninitedUpwards&) (in /usr/lib/dyld)
==23260== 
{
   <insert_a_suppression_name_here>
   Memcheck:Leak
   match-leak-kinds: definite
   fun:calloc
   fun:objc_msgSend_stret
   fun:_os_object_alloc_realized
   fun:xpc_dictionary_create
   fun:_xpc_dyld_image_callback
   fun:_ZN4dyld24registerBulkLoadCallbackEPFvjPPK11mach_headerPPKcE
   fun:_xpc_collect_images
   fun:_libxpc_initializer
   fun:libSystem_initializer
   fun:_ZN16ImageLoaderMachO18doModInitFunctionsERKN11ImageLoader11LinkContextE
   fun:_ZN16ImageLoaderMachO16doInitializationERKN11ImageLoader11LinkContextE
   fun:_ZN11ImageLoader23recursiveInitializationERKNS_11LinkContextEjPKcRNS_21InitializerTimingListERNS_15UninitedUpwardsE
}
==23260== 480 bytes in 1 blocks are still reachable in loss record 80 of 112
==23260==    at 0x10012BBA0: calloc (in /usr/local/Cellar/valgrind/HEAD-6ff08b6/libexec/valgrind/vgpreload_memcheck-amd64-darwin.so)
==23260==    by 0x10017343B: _nc_read_termtype (in /usr/lib/libncurses.5.4.dylib)
==23260==    by 0x1001729C6: _nc_read_file_entry (in /usr/lib/libncurses.5.4.dylib)
==23260==    by 0x1001725D7: _nc_read_entry (in /usr/lib/libncurses.5.4.dylib)
==23260==    by 0x1001721C4: _nc_setupterm (in /usr/lib/libncurses.5.4.dylib)
==23260==    by 0x100171C46: tgetent (in /usr/lib/libncurses.5.4.dylib)
==23260==    by 0x1001474BA: rl_free_line_state (in /usr/lib/libedit.3.dylib)
==23260==    by 0x10014731D: rl_free_line_state (in /usr/lib/libedit.3.dylib)
==23260==    by 0x10013B752: el_init (in /usr/lib/libedit.3.dylib)
==23260==    by 0x100141C27: rl_initialize (in /usr/lib/libedit.3.dylib)
==23260==    by 0x100141FB1: readline (in /usr/lib/libedit.3.dylib)
==23260==    by 0x100001177: prep_minihell (main.c:19)
==23260== 
{
   <insert_a_suppression_name_here>
   Memcheck:Leak
   match-leak-kinds: reachable
   fun:calloc
   fun:_nc_read_termtype
   fun:_nc_read_file_entry
   fun:_nc_read_entry
   fun:_nc_setupterm
   fun:tgetent
   fun:rl_free_line_state
   fun:rl_free_line_state
   fun:el_init
   fun:rl_initialize
   fun:readline
   fun:prep_minihell
}
==23260== 680 bytes in 1 blocks are still reachable in loss record 81 of 112
==23260==    at 0x10012B545: malloc (in /usr/local/Cellar/valgrind/HEAD-6ff08b6/libexec/valgrind/vgpreload_memcheck-amd64-darwin.so)
==23260==    by 0x1001732EF: _nc_read_termtype (in /usr/lib/libncurses.5.4.dylib)
==23260==    by 0x1001729C6: _nc_read_file_entry (in /usr/lib/libncurses.5.4.dylib)
==23260==    by 0x1001725D7: _nc_read_entry (in /usr/lib/libncurses.5.4.dylib)
==23260==    by 0x1001721C4: _nc_setupterm (in /usr/lib/libncurses.5.4.dylib)
==23260==    by 0x100171C46: tgetent (in /usr/lib/libncurses.5.4.dylib)
==23260==    by 0x1001474BA: rl_free_line_state (in /usr/lib/libedit.3.dylib)
==23260==    by 0x10014731D: rl_free_line_state (in /usr/lib/libedit.3.dylib)
==23260==    by 0x10013B752: el_init (in /usr/lib/libedit.3.dylib)
==23260==    by 0x100141C27: rl_initialize (in /usr/lib/libedit.3.dylib)
==23260==    by 0x100141FB1: readline (in /usr/lib/libedit.3.dylib)
==23260==    by 0x100001177: prep_minihell (main.c:19)
==23260== 
{
   <insert_a_suppression_name_here>
   Memcheck:Leak
   match-leak-kinds: reachable
   fun:malloc
   fun:_nc_read_termtype
   fun:_nc_read_file_entry
   fun:_nc_read_entry
   fun:_nc_setupterm
   fun:tgetent
   fun:rl_free_line_state
   fun:rl_free_line_state
   fun:el_init
   fun:rl_initialize
   fun:readline
   fun:prep_minihell
}
==23260== 832 bytes in 1 blocks are still reachable in loss record 84 of 112
==23260==    at 0x10012BEE6: realloc (in /usr/local/Cellar/valgrind/HEAD-6ff08b6/libexec/valgrind/vgpreload_memcheck-amd64-darwin.so)
==23260==    by 0x10014091C: history_w (in /usr/lib/libedit.3.dylib)
==23260==    by 0x10014CF3F: el_set (in /usr/lib/libedit.3.dylib)
==23260==    by 0x100141E2D: rl_initialize (in /usr/lib/libedit.3.dylib)
==23260==    by 0x100141FB1: readline (in /usr/lib/libedit.3.dylib)
==23260==    by 0x100001177: prep_minihell (main.c:19)
==23260==    by 0x1000012B5: main (main.c:55)
==23260== 
{
   <insert_a_suppression_name_here>
   Memcheck:Leak
   match-leak-kinds: reachable
   fun:realloc
   fun:history_w
   fun:el_set
   fun:rl_initialize
   fun:readline
   fun:prep_minihell
   fun:main
}
==23260== 896 bytes in 28 blocks are definitely lost in loss record 85 of 112
==23260==    at 0x10012BBA0: calloc (in /usr/local/Cellar/valgrind/HEAD-6ff08b6/libexec/valgrind/vgpreload_memcheck-amd64-darwin.so)
==23260==    by 0x1007755F3: objc::DenseMap<objc_class*, objc_class*, objc::DenseMapValueInfo<objc_class*>, objc::DenseMapInfo<objc_class*>, objc::detail::DenseMapPair<objc_class*, objc_class*> >::grow(unsigned int) (in /usr/lib/libobjc.A.dylib)
==23260==    by 0x100761406: objc_opt::objc_stringhash_t::getIndex(char const*) const (in /usr/lib/libobjc.A.dylib)
==23260==    by 0x1007712D0: unmap_image (in /usr/lib/libobjc.A.dylib)
==23260==    by 0x10001D667: dyld::notifyBatchPartial(dyld_image_states, bool, char const* (*)(dyld_image_states, unsigned int, dyld_image_info const*), bool, bool) (in /usr/lib/dyld)
==23260==    by 0x10001D808: dyld::registerObjCNotifiers(void (*)(unsigned int, char const* const*, mach_header const* const*), void (*)(char const*, mach_header const*), void (*)(char const*, mach_header const*)) (in /usr/lib/dyld)
==23260==    by 0x10033AAD0: _dyld_objc_notify_register (in /usr/lib/system/libdyld.dylib)
==23260==    by 0x10075FDAF: map_images_nolock (in /usr/lib/libobjc.A.dylib)
==23260==    by 0x1002BCF38: _os_object_init (in /usr/lib/system/libdispatch.dylib)
==23260==    by 0x1002C90E7: libdispatch_init (in /usr/lib/system/libdispatch.dylib)
==23260==    by 0x100168790: libSystem_initializer (in /usr/lib/libSystem.B.dylib)
==23260==    by 0x1000331D2: ImageLoaderMachO::doModInitFunctions(ImageLoader::LinkContext const&) (in /usr/lib/dyld)
==23260== 
{
   <insert_a_suppression_name_here>
   Memcheck:Leak
   match-leak-kinds: definite
   fun:calloc
   fun:_ZN4objc8DenseMapIP10objc_classS2_NS_17DenseMapValueInfoIS2_EENS_12DenseMapInfoIS2_EENS_6detail12DenseMapPairIS2_S2_EEE4growEj
   fun:_ZNK8objc_opt17objc_stringhash_t8getIndexEPKc
   fun:unmap_image
   fun:_ZN4dyldL18notifyBatchPartialE17dyld_image_statesbPFPKcS0_jPK15dyld_image_infoEbb
   fun:_ZN4dyld21registerObjCNotifiersEPFvjPKPKcPKPK11mach_headerEPFvS1_S6_ESC_
   fun:_dyld_objc_notify_register
   fun:map_images_nolock
   fun:_os_object_init
   fun:libdispatch_init
   fun:libSystem_initializer
   fun:_ZN16ImageLoaderMachO18doModInitFunctionsERKN11ImageLoader11LinkContextE
}
==23260== 896 bytes in 28 blocks are definitely lost in loss record 86 of 112
==23260==    at 0x10012BBA0: calloc (in /usr/local/Cellar/valgrind/HEAD-6ff08b6/libexec/valgrind/vgpreload_memcheck-amd64-darwin.so)
==23260==    by 0x1007755F3: objc::DenseMap<objc_class*, objc_class*, objc::DenseMapValueInfo<objc_class*>, objc::DenseMapInfo<objc_class*>, objc::detail::DenseMapPair<objc_class*, objc_class*> >::grow(unsigned int) (in /usr/lib/libobjc.A.dylib)
==23260==    by 0x1007756C6: objc_class::mangledName() (in /usr/lib/libobjc.A.dylib)
==23260==    by 0x100761406: objc_opt::objc_stringhash_t::getIndex(char const*) const (in /usr/lib/libobjc.A.dylib)
==23260==    by 0x1007712D0: unmap_image (in /usr/lib/libobjc.A.dylib)
==23260==    by 0x10001D667: dyld::notifyBatchPartial(dyld_image_states, bool, char const* (*)(dyld_image_states, unsigned int, dyld_image_info const*), bool, bool) (in /usr/lib/dyld)
==23260==    by 0x10001D808: dyld::registerObjCNotifiers(void (*)(unsigned int, char const* const*, mach_header const* const*), void (*)(char const*, mach_header const*), void (*)(char const*, mach_header const*)) (in /usr/lib/dyld)
==23260==    by 0x10033AAD0: _dyld_objc_notify_register (in /usr/lib/system/libdyld.dylib)
==23260==    by 0x10075FDAF: map_images_nolock (in /usr/lib/libobjc.A.dylib)
==23260==    by 0x1002BCF38: _os_object_init (in /usr/lib/system/libdispatch.dylib)
==23260==    by 0x1002C90E7: libdispatch_init (in /usr/lib/system/libdispatch.dylib)
==23260==    by 0x100168790: libSystem_initializer (in /usr/lib/libSystem.B.dylib)
==23260== 
{
   <insert_a_suppression_name_here>
   Memcheck:Leak
   match-leak-kinds: definite
   fun:calloc
   fun:_ZN4objc8DenseMapIP10objc_classS2_NS_17DenseMapValueInfoIS2_EENS_12DenseMapInfoIS2_EENS_6detail12DenseMapPairIS2_S2_EEE4growEj
   fun:_ZN10objc_class11mangledNameEv
   fun:_ZNK8objc_opt17objc_stringhash_t8getIndexEPKc
   fun:unmap_image
   fun:_ZN4dyldL18notifyBatchPartialE17dyld_image_statesbPFPKcS0_jPK15dyld_image_infoEbb
   fun:_ZN4dyld21registerObjCNotifiersEPFvjPKPKcPKPK11mach_headerEPFvS1_S6_ESC_
   fun:_dyld_objc_notify_register
   fun:map_images_nolock
   fun:_os_object_init
   fun:libdispatch_init
   fun:libSystem_initializer
}
==23260== 928 (96 direct, 832 indirect) bytes in 1 blocks are definitely lost in loss record 87 of 112
==23260==    at 0x10012BBA0: calloc (in /usr/local/Cellar/valgrind/HEAD-6ff08b6/libexec/valgrind/vgpreload_memcheck-amd64-darwin.so)
==23260==    by 0x100764667: objc_msgSend_stret (in /usr/lib/libobjc.A.dylib)
==23260==    by 0x1002BCFEC: _os_object_alloc_realized (in /usr/lib/system/libdispatch.dylib)
==23260==    by 0x1006FC7D7: xpc_dictionary_create (in /usr/lib/system/libxpc.dylib)
==23260==    by 0x1006FC659: _xpc_collect_environment (in /usr/lib/system/libxpc.dylib)
==23260==    by 0x1006FC292: _libxpc_initializer (in /usr/lib/system/libxpc.dylib)
==23260==    by 0x1001687A0: libSystem_initializer (in /usr/lib/libSystem.B.dylib)
==23260==    by 0x1000331D2: ImageLoaderMachO::doModInitFunctions(ImageLoader::LinkContext const&) (in /usr/lib/dyld)
==23260==    by 0x1000335DD: ImageLoaderMachO::doInitialization(ImageLoader::LinkContext const&) (in /usr/lib/dyld)
==23260==    by 0x10002DFFA: ImageLoader::recursiveInitialization(ImageLoader::LinkContext const&, unsigned int, char const*, ImageLoader::InitializerTimingList&, ImageLoader::UninitedUpwards&) (in /usr/lib/dyld)
==23260==    by 0x10002DF65: ImageLoader::recursiveInitialization(ImageLoader::LinkContext const&, unsigned int, char const*, ImageLoader::InitializerTimingList&, ImageLoader::UninitedUpwards&) (in /usr/lib/dyld)
==23260==    by 0x10002C0B3: ImageLoader::processInitializers(ImageLoader::LinkContext const&, unsigned int, ImageLoader::InitializerTimingList&, ImageLoader::UninitedUpwards&) (in /usr/lib/dyld)
==23260== 
{
   <insert_a_suppression_name_here>
   Memcheck:Leak
   match-leak-kinds: definite
   fun:calloc
   fun:objc_msgSend_stret
   fun:_os_object_alloc_realized
   fun:xpc_dictionary_create
   fun:_xpc_collect_environment
   fun:_libxpc_initializer
   fun:libSystem_initializer
   fun:_ZN16ImageLoaderMachO18doModInitFunctionsERKN11ImageLoader11LinkContextE
   fun:_ZN16ImageLoaderMachO16doInitializationERKN11ImageLoader11LinkContextE
   fun:_ZN11ImageLoader23recursiveInitializationERKNS_11LinkContextEjPKcRNS_21InitializerTimingListERNS_15UninitedUpwardsE
   fun:_ZN11ImageLoader23recursiveInitializationERKNS_11LinkContextEjPKcRNS_21InitializerTimingListERNS_15UninitedUpwardsE
   fun:_ZN11ImageLoader19processInitializersERKNS_11LinkContextEjRNS_21InitializerTimingListERNS_15UninitedUpwardsE
}
==23260== 1,024 bytes in 1 blocks are still reachable in loss record 88 of 112
==23260==    at 0x10012B545: malloc (in /usr/local/Cellar/valgrind/HEAD-6ff08b6/libexec/valgrind/vgpreload_memcheck-amd64-darwin.so)
==23260==    by 0x10014C126: tok_wstr (in /usr/lib/libedit.3.dylib)
==23260==    by 0x10014C1B5: tok_wstr (in /usr/lib/libedit.3.dylib)
==23260==    by 0x10014D452: el_line (in /usr/lib/libedit.3.dylib)
==23260==    by 0x100141E8B: rl_initialize (in /usr/lib/libedit.3.dylib)
==23260==    by 0x100141FB1: readline (in /usr/lib/libedit.3.dylib)
==23260==    by 0x100001177: prep_minihell (main.c:19)
==23260==    by 0x1000012B5: main (main.c:55)
==23260== 
{
   <insert_a_suppression_name_here>
   Memcheck:Leak
   match-leak-kinds: reachable
   fun:malloc
   fun:tok_wstr
   fun:tok_wstr
   fun:el_line
   fun:rl_initialize
   fun:readline
   fun:prep_minihell
   fun:main
}
==23260== 1,056 bytes in 33 blocks are still reachable in loss record 89 of 112
==23260==    at 0x10012B545: malloc (in /usr/local/Cellar/valgrind/HEAD-6ff08b6/libexec/valgrind/vgpreload_memcheck-amd64-darwin.so)
==23260==    by 0x10013F786: history_w (in /usr/lib/libedit.3.dylib)
==23260==    by 0x10014014F: history_w (in /usr/lib/libedit.3.dylib)
==23260==    by 0x1001401F6: history_w (in /usr/lib/libedit.3.dylib)
==23260==    by 0x1001402F9: history_w (in /usr/lib/libedit.3.dylib)
==23260==    by 0x10013BE24: el_wset (in /usr/lib/libedit.3.dylib)
==23260==    by 0x10014CE7B: el_set (in /usr/lib/libedit.3.dylib)
==23260==    by 0x100141D63: rl_initialize (in /usr/lib/libedit.3.dylib)
==23260==    by 0x100141FB1: readline (in /usr/lib/libedit.3.dylib)
==23260==    by 0x100001177: prep_minihell (main.c:19)
==23260==    by 0x1000012B5: main (main.c:55)
==23260== 
{
   <insert_a_suppression_name_here>
   Memcheck:Leak
   match-leak-kinds: reachable
   fun:malloc
   fun:history_w
   fun:history_w
   fun:history_w
   fun:history_w
   fun:el_wset
   fun:el_set
   fun:rl_initialize
   fun:readline
   fun:prep_minihell
   fun:main
}
==23260== 1,352 bytes in 1 blocks are still reachable in loss record 90 of 112
==23260==    at 0x10012B545: malloc (in /usr/local/Cellar/valgrind/HEAD-6ff08b6/libexec/valgrind/vgpreload_memcheck-amd64-darwin.so)
==23260==    by 0x10013B67F: el_init (in /usr/lib/libedit.3.dylib)
==23260==    by 0x100141C27: rl_initialize (in /usr/lib/libedit.3.dylib)
==23260==    by 0x100141FB1: readline (in /usr/lib/libedit.3.dylib)
==23260==    by 0x100001177: prep_minihell (main.c:19)
==23260==    by 0x1000012B5: main (main.c:55)
==23260== 
{
   <insert_a_suppression_name_here>
   Memcheck:Leak
   match-leak-kinds: reachable
   fun:malloc
   fun:el_init
   fun:rl_initialize
   fun:readline
   fun:prep_minihell
   fun:main
}
==23260== 1,487 bytes in 1 blocks are still reachable in loss record 91 of 112
==23260==    at 0x10012B545: malloc (in /usr/local/Cellar/valgrind/HEAD-6ff08b6/libexec/valgrind/vgpreload_memcheck-amd64-darwin.so)
==23260==    by 0x100172C52: _nc_read_termtype (in /usr/lib/libncurses.5.4.dylib)
==23260==    by 0x1001729C6: _nc_read_file_entry (in /usr/lib/libncurses.5.4.dylib)
==23260==    by 0x1001725D7: _nc_read_entry (in /usr/lib/libncurses.5.4.dylib)
==23260==    by 0x1001721C4: _nc_setupterm (in /usr/lib/libncurses.5.4.dylib)
==23260==    by 0x100171C46: tgetent (in /usr/lib/libncurses.5.4.dylib)
==23260==    by 0x1001474BA: rl_free_line_state (in /usr/lib/libedit.3.dylib)
==23260==    by 0x10014731D: rl_free_line_state (in /usr/lib/libedit.3.dylib)
==23260==    by 0x10013B752: el_init (in /usr/lib/libedit.3.dylib)
==23260==    by 0x100141C27: rl_initialize (in /usr/lib/libedit.3.dylib)
==23260==    by 0x100141FB1: readline (in /usr/lib/libedit.3.dylib)
==23260==    by 0x100001177: prep_minihell (main.c:19)
==23260== 
{
   <insert_a_suppression_name_here>
   Memcheck:Leak
   match-leak-kinds: reachable
   fun:malloc
   fun:_nc_read_termtype
   fun:_nc_read_file_entry
   fun:_nc_read_entry
   fun:_nc_setupterm
   fun:tgetent
   fun:rl_free_line_state
   fun:rl_free_line_state
   fun:el_init
   fun:rl_initialize
   fun:readline
   fun:prep_minihell
}
==23260== 2,048 bytes in 1 blocks are still reachable in loss record 94 of 112
==23260==    at 0x10012B545: malloc (in /usr/local/Cellar/valgrind/HEAD-6ff08b6/libexec/valgrind/vgpreload_memcheck-amd64-darwin.so)
==23260==    by 0x10014726B: rl_free_line_state (in /usr/lib/libedit.3.dylib)
==23260==    by 0x10013B752: el_init (in /usr/lib/libedit.3.dylib)
==23260==    by 0x100141C27: rl_initialize (in /usr/lib/libedit.3.dylib)
==23260==    by 0x100141FB1: readline (in /usr/lib/libedit.3.dylib)
==23260==    by 0x100001177: prep_minihell (main.c:19)
==23260==    by 0x1000012B5: main (main.c:55)
==23260== 
{
   <insert_a_suppression_name_here>
   Memcheck:Leak
   match-leak-kinds: reachable
   fun:malloc
   fun:rl_free_line_state
   fun:el_init
   fun:rl_initialize
   fun:readline
   fun:prep_minihell
   fun:main
}
==23260== 2,048 bytes in 1 blocks are still reachable in loss record 95 of 112
==23260==    at 0x10012B545: malloc (in /usr/local/Cellar/valgrind/HEAD-6ff08b6/libexec/valgrind/vgpreload_memcheck-amd64-darwin.so)
==23260==    by 0x10014728B: rl_free_line_state (in /usr/lib/libedit.3.dylib)
==23260==    by 0x10013B752: el_init (in /usr/lib/libedit.3.dylib)
==23260==    by 0x100141C27: rl_initialize (in /usr/lib/libedit.3.dylib)
==23260==    by 0x100141FB1: readline (in /usr/lib/libedit.3.dylib)
==23260==    by 0x100001177: prep_minihell (main.c:19)
==23260==    by 0x1000012B5: main (main.c:55)
==23260== 
{
   <insert_a_suppression_name_here>
   Memcheck:Leak
   match-leak-kinds: reachable
   fun:malloc
   fun:rl_free_line_state
   fun:el_init
   fun:rl_initialize
   fun:readline
   fun:prep_minihell
   fun:main
}
==23260== 2,496 bytes in 1 blocks are still reachable in loss record 98 of 112
==23260==    at 0x10012BEE6: realloc (in /usr/local/Cellar/valgrind/HEAD-6ff08b6/libexec/valgrind/vgpreload_memcheck-amd64-darwin.so)
==23260==    by 0x100140939: history_w (in /usr/lib/libedit.3.dylib)
==23260==    by 0x10014CF3F: el_set (in /usr/lib/libedit.3.dylib)
==23260==    by 0x100141E2D: rl_initialize (in /usr/lib/libedit.3.dylib)
==23260==    by 0x100141FB1: readline (in /usr/lib/libedit.3.dylib)
==23260==    by 0x100001177: prep_minihell (main.c:19)
==23260==    by 0x1000012B5: main (main.c:55)
==23260== 
{
   <insert_a_suppression_name_here>
   Memcheck:Leak
   match-leak-kinds: reachable
   fun:realloc
   fun:history_w
   fun:el_set
   fun:rl_initialize
   fun:readline
   fun:prep_minihell
   fun:main
}
==23260== 3,776 bytes in 1 blocks are still reachable in loss record 99 of 112
==23260==    at 0x10012BEE6: realloc (in /usr/local/Cellar/valgrind/HEAD-6ff08b6/libexec/valgrind/vgpreload_memcheck-amd64-darwin.so)
==23260==    by 0x100173516: _nc_doalloc (in /usr/lib/libncurses.5.4.dylib)
==23260==    by 0x10017313A: _nc_read_termtype (in /usr/lib/libncurses.5.4.dylib)
==23260==    by 0x1001729C6: _nc_read_file_entry (in /usr/lib/libncurses.5.4.dylib)
==23260==    by 0x1001725D7: _nc_read_entry (in /usr/lib/libncurses.5.4.dylib)
==23260==    by 0x1001721C4: _nc_setupterm (in /usr/lib/libncurses.5.4.dylib)
==23260==    by 0x100171C46: tgetent (in /usr/lib/libncurses.5.4.dylib)
==23260==    by 0x1001474BA: rl_free_line_state (in /usr/lib/libedit.3.dylib)
==23260==    by 0x10014731D: rl_free_line_state (in /usr/lib/libedit.3.dylib)
==23260==    by 0x10013B752: el_init (in /usr/lib/libedit.3.dylib)
==23260==    by 0x100141C27: rl_initialize (in /usr/lib/libedit.3.dylib)
==23260==    by 0x100141FB1: readline (in /usr/lib/libedit.3.dylib)
==23260== 
{
   <insert_a_suppression_name_here>
   Memcheck:Leak
   match-leak-kinds: reachable
   fun:realloc
   fun:_nc_doalloc
   fun:_nc_read_termtype
   fun:_nc_read_file_entry
   fun:_nc_read_entry
   fun:_nc_setupterm
   fun:tgetent
   fun:rl_free_line_state
   fun:rl_free_line_state
   fun:el_init
   fun:rl_initialize
   fun:readline
}
==23260== 4,096 bytes in 1 blocks are still reachable in loss record 100 of 112
==23260==    at 0x10012B545: malloc (in /usr/local/Cellar/valgrind/HEAD-6ff08b6/libexec/valgrind/vgpreload_memcheck-amd64-darwin.so)
==23260==    by 0x10014C15A: tok_wstr (in /usr/lib/libedit.3.dylib)
==23260==    by 0x10014C2E9: tok_wstr (in /usr/lib/libedit.3.dylib)
==23260==    by 0x10013B6D7: el_init (in /usr/lib/libedit.3.dylib)
==23260==    by 0x100141C27: rl_initialize (in /usr/lib/libedit.3.dylib)
==23260==    by 0x100141FB1: readline (in /usr/lib/libedit.3.dylib)
==23260==    by 0x100001177: prep_minihell (main.c:19)
==23260==    by 0x1000012B5: main (main.c:55)
==23260== 
{
   <insert_a_suppression_name_here>
   Memcheck:Leak
   match-leak-kinds: reachable
   fun:malloc
   fun:tok_wstr
   fun:tok_wstr
   fun:el_init
   fun:rl_initialize
   fun:readline
   fun:prep_minihell
   fun:main
}
==23260== 4,096 bytes in 1 blocks are still reachable in loss record 101 of 112
==23260==    at 0x10012B545: malloc (in /usr/local/Cellar/valgrind/HEAD-6ff08b6/libexec/valgrind/vgpreload_memcheck-amd64-darwin.so)
==23260==    by 0x10013F4CB: history_w (in /usr/lib/libedit.3.dylib)
==23260==    by 0x10013B75F: el_init (in /usr/lib/libedit.3.dylib)
==23260==    by 0x100141C27: rl_initialize (in /usr/lib/libedit.3.dylib)
==23260==    by 0x100141FB1: readline (in /usr/lib/libedit.3.dylib)
==23260==    by 0x100001177: prep_minihell (main.c:19)
==23260==    by 0x1000012B5: main (main.c:55)
==23260== 
{
   <insert_a_suppression_name_here>
   Memcheck:Leak
   match-leak-kinds: reachable
   fun:malloc
   fun:history_w
   fun:el_init
   fun:rl_initialize
   fun:readline
   fun:prep_minihell
   fun:main
}
==23260== 4,096 bytes in 1 blocks are still reachable in loss record 102 of 112
==23260==    at 0x10012B545: malloc (in /usr/local/Cellar/valgrind/HEAD-6ff08b6/libexec/valgrind/vgpreload_memcheck-amd64-darwin.so)
==23260==    by 0x10013A43A: ??? (in /usr/lib/libedit.3.dylib)
==23260==    by 0x10013B780: el_init (in /usr/lib/libedit.3.dylib)
==23260==    by 0x100141C27: rl_initialize (in /usr/lib/libedit.3.dylib)
==23260==    by 0x100141FB1: readline (in /usr/lib/libedit.3.dylib)
==23260==    by 0x100001177: prep_minihell (main.c:19)
==23260==    by 0x1000012B5: main (main.c:55)
==23260== 
{
   <insert_a_suppression_name_here>
   Memcheck:Leak
   match-leak-kinds: reachable
   fun:malloc
   obj:/usr/lib/libedit.3.dylib
   fun:el_init
   fun:rl_initialize
   fun:readline
   fun:prep_minihell
   fun:main
}
==23260== 4,096 bytes in 1 blocks are still reachable in loss record 103 of 112
==23260==    at 0x10012B545: malloc (in /usr/local/Cellar/valgrind/HEAD-6ff08b6/libexec/valgrind/vgpreload_memcheck-amd64-darwin.so)
==23260==    by 0x10013A47C: ??? (in /usr/lib/libedit.3.dylib)
==23260==    by 0x10013B780: el_init (in /usr/lib/libedit.3.dylib)
==23260==    by 0x100141C27: rl_initialize (in /usr/lib/libedit.3.dylib)
==23260==    by 0x100141FB1: readline (in /usr/lib/libedit.3.dylib)
==23260==    by 0x100001177: prep_minihell (main.c:19)
==23260==    by 0x1000012B5: main (main.c:55)
==23260== 
{
   <insert_a_suppression_name_here>
   Memcheck:Leak
   match-leak-kinds: reachable
   fun:malloc
   obj:/usr/lib/libedit.3.dylib
   fun:el_init
   fun:rl_initialize
   fun:readline
   fun:prep_minihell
   fun:main
}
==23260== 4,096 bytes in 1 blocks are still reachable in loss record 104 of 112
==23260==    at 0x10012B545: malloc (in /usr/local/Cellar/valgrind/HEAD-6ff08b6/libexec/valgrind/vgpreload_memcheck-amd64-darwin.so)
==23260==    by 0x10013A4B8: ??? (in /usr/lib/libedit.3.dylib)
==23260==    by 0x10013B780: el_init (in /usr/lib/libedit.3.dylib)
==23260==    by 0x100141C27: rl_initialize (in /usr/lib/libedit.3.dylib)
==23260==    by 0x100141FB1: readline (in /usr/lib/libedit.3.dylib)
==23260==    by 0x100001177: prep_minihell (main.c:19)
==23260==    by 0x1000012B5: main (main.c:55)
==23260== 
{
   <insert_a_suppression_name_here>
   Memcheck:Leak
   match-leak-kinds: reachable
   fun:malloc
   obj:/usr/lib/libedit.3.dylib
   fun:el_init
   fun:rl_initialize
   fun:readline
   fun:prep_minihell
   fun:main
}
==23260== 4,096 bytes in 1 blocks are still reachable in loss record 105 of 112
==23260==    at 0x10012B545: malloc (in /usr/local/Cellar/valgrind/HEAD-6ff08b6/libexec/valgrind/vgpreload_memcheck-amd64-darwin.so)
==23260==    by 0x10013A4FE: ??? (in /usr/lib/libedit.3.dylib)
==23260==    by 0x10013B780: el_init (in /usr/lib/libedit.3.dylib)
==23260==    by 0x100141C27: rl_initialize (in /usr/lib/libedit.3.dylib)
==23260==    by 0x100141FB1: readline (in /usr/lib/libedit.3.dylib)
==23260==    by 0x100001177: prep_minihell (main.c:19)
==23260==    by 0x1000012B5: main (main.c:55)
==23260== 
{
   <insert_a_suppression_name_here>
   Memcheck:Leak
   match-leak-kinds: reachable
   fun:malloc
   obj:/usr/lib/libedit.3.dylib
   fun:el_init
   fun:rl_initialize
   fun:readline
   fun:prep_minihell
   fun:main
}
==23260== 4,096 bytes in 1 blocks are still reachable in loss record 106 of 112
==23260==    at 0x10012B545: malloc (in /usr/local/Cellar/valgrind/HEAD-6ff08b6/libexec/valgrind/vgpreload_memcheck-amd64-darwin.so)
==23260==    by 0x100146402: rl_free_line_state (in /usr/lib/libedit.3.dylib)
==23260==    by 0x10013B788: el_init (in /usr/lib/libedit.3.dylib)
==23260==    by 0x100141C27: rl_initialize (in /usr/lib/libedit.3.dylib)
==23260==    by 0x100141FB1: readline (in /usr/lib/libedit.3.dylib)
==23260==    by 0x100001177: prep_minihell (main.c:19)
==23260==    by 0x1000012B5: main (main.c:55)
==23260== 
{
   <insert_a_suppression_name_here>
   Memcheck:Leak
   match-leak-kinds: reachable
   fun:malloc
   fun:rl_free_line_state
   fun:el_init
   fun:rl_initialize
   fun:readline
   fun:prep_minihell
   fun:main
}
==23260== 4,096 bytes in 1 blocks are still reachable in loss record 107 of 112
==23260==    at 0x10012B545: malloc (in /usr/local/Cellar/valgrind/HEAD-6ff08b6/libexec/valgrind/vgpreload_memcheck-amd64-darwin.so)
==23260==    by 0x10013DA9D: _el_fn_sh_complete (in /usr/lib/libedit.3.dylib)
==23260==    by 0x10013B790: el_init (in /usr/lib/libedit.3.dylib)
==23260==    by 0x100141C27: rl_initialize (in /usr/lib/libedit.3.dylib)
==23260==    by 0x100141FB1: readline (in /usr/lib/libedit.3.dylib)
==23260==    by 0x100001177: prep_minihell (main.c:19)
==23260==    by 0x1000012B5: main (main.c:55)
==23260== 
{
   <insert_a_suppression_name_here>
   Memcheck:Leak
   match-leak-kinds: reachable
   fun:malloc
   fun:_el_fn_sh_complete
   fun:el_init
   fun:rl_initialize
   fun:readline
   fun:prep_minihell
   fun:main
}
==23260== 4,096 bytes in 1 blocks are still reachable in loss record 108 of 112
==23260==    at 0x10012B545: malloc (in /usr/local/Cellar/valgrind/HEAD-6ff08b6/libexec/valgrind/vgpreload_memcheck-amd64-darwin.so)
==23260==    by 0x10014C15A: tok_wstr (in /usr/lib/libedit.3.dylib)
==23260==    by 0x10014C2E9: tok_wstr (in /usr/lib/libedit.3.dylib)
==23260==    by 0x10014CDD3: el_set (in /usr/lib/libedit.3.dylib)
==23260==    by 0x100141D63: rl_initialize (in /usr/lib/libedit.3.dylib)
==23260==    by 0x100141FB1: readline (in /usr/lib/libedit.3.dylib)
==23260==    by 0x100001177: prep_minihell (main.c:19)
==23260==    by 0x1000012B5: main (main.c:55)
==23260== 
{
   <insert_a_suppression_name_here>
   Memcheck:Leak
   match-leak-kinds: reachable
   fun:malloc
   fun:tok_wstr
   fun:tok_wstr
   fun:el_set
   fun:rl_initialize
   fun:readline
   fun:prep_minihell
   fun:main
}
==23260== 4,096 bytes in 1 blocks are still reachable in loss record 109 of 112
==23260==    at 0x10012B545: malloc (in /usr/local/Cellar/valgrind/HEAD-6ff08b6/libexec/valgrind/vgpreload_memcheck-amd64-darwin.so)
==23260==    by 0x100437367: __smakebuf (in /usr/lib/system/libsystem_c.dylib)
==23260==    by 0x10044AC4D: __swsetup (in /usr/lib/system/libsystem_c.dylib)
==23260==    by 0x100436596: __sfvwrite (in /usr/lib/system/libsystem_c.dylib)
==23260==    by 0x100435355: fputs (in /usr/lib/system/libsystem_c.dylib)
==23260==    by 0x100147D93: rl_free_line_state (in /usr/lib/libedit.3.dylib)
==23260==    by 0x100147C8D: rl_free_line_state (in /usr/lib/libedit.3.dylib)
==23260==    by 0x100145903: rl_free_line_state (in /usr/lib/libedit.3.dylib)
==23260==    by 0x10014153E: el_wgetc (in /usr/lib/libedit.3.dylib)
==23260==    by 0x1001415CA: el_wgets (in /usr/lib/libedit.3.dylib)
==23260==    by 0x10014C89E: el_gets (in /usr/lib/libedit.3.dylib)
==23260==    by 0x10014206E: readline (in /usr/lib/libedit.3.dylib)
==23260== 
{
   <insert_a_suppression_name_here>
   Memcheck:Leak
   match-leak-kinds: reachable
   fun:malloc
   fun:__smakebuf
   fun:__swsetup
   fun:__sfvwrite
   fun:fputs
   fun:rl_free_line_state
   fun:rl_free_line_state
   fun:rl_free_line_state
   fun:el_wgetc
   fun:el_wgets
   fun:el_gets
   fun:readline
}
==23260== 35,856 bytes in 36 blocks are still reachable in loss record 110 of 112
==23260==    at 0x10012B545: malloc (in /usr/local/Cellar/valgrind/HEAD-6ff08b6/libexec/valgrind/vgpreload_memcheck-amd64-darwin.so)
==23260==    by 0x1001487B9: rl_free_line_state (in /usr/lib/libedit.3.dylib)
==23260==    by 0x1001476CC: rl_free_line_state (in /usr/lib/libedit.3.dylib)
==23260==    by 0x10014731D: rl_free_line_state (in /usr/lib/libedit.3.dylib)
==23260==    by 0x10013B752: el_init (in /usr/lib/libedit.3.dylib)
==23260==    by 0x100141C27: rl_initialize (in /usr/lib/libedit.3.dylib)
==23260==    by 0x100141FB1: readline (in /usr/lib/libedit.3.dylib)
==23260==    by 0x100001177: prep_minihell (main.c:19)
==23260==    by 0x1000012B5: main (main.c:55)
==23260== 
{
   <insert_a_suppression_name_here>
   Memcheck:Leak
   match-leak-kinds: reachable
   fun:malloc
   fun:rl_free_line_state
   fun:rl_free_line_state
   fun:rl_free_line_state
   fun:el_init
   fun:rl_initialize
   fun:readline
   fun:prep_minihell
   fun:main
}
==23260== 35,856 bytes in 36 blocks are still reachable in loss record 111 of 112
==23260==    at 0x10012B545: malloc (in /usr/local/Cellar/valgrind/HEAD-6ff08b6/libexec/valgrind/vgpreload_memcheck-amd64-darwin.so)
==23260==    by 0x100148802: rl_free_line_state (in /usr/lib/libedit.3.dylib)
==23260==    by 0x1001476CC: rl_free_line_state (in /usr/lib/libedit.3.dylib)
==23260==    by 0x10014731D: rl_free_line_state (in /usr/lib/libedit.3.dylib)
==23260==    by 0x10013B752: el_init (in /usr/lib/libedit.3.dylib)
==23260==    by 0x100141C27: rl_initialize (in /usr/lib/libedit.3.dylib)
==23260==    by 0x100141FB1: readline (in /usr/lib/libedit.3.dylib)
==23260==    by 0x100001177: prep_minihell (main.c:19)
==23260==    by 0x1000012B5: main (main.c:55)
==23260== 
{
   <insert_a_suppression_name_here>
   Memcheck:Leak
   match-leak-kinds: reachable
   fun:malloc
   fun:rl_free_line_state
   fun:rl_free_line_state
   fun:rl_free_line_state
   fun:el_init
   fun:rl_initialize
   fun:readline
   fun:prep_minihell
   fun:main
}
==23260== 103,292 bytes in 1 blocks are still reachable in loss record 112 of 112
==23260==    at 0x10012BEE6: realloc (in /usr/local/Cellar/valgrind/HEAD-6ff08b6/libexec/valgrind/vgpreload_memcheck-amd64-darwin.so)
==23260==    by 0x1004596F9: reallocf (in /usr/lib/system/libsystem_c.dylib)
==23260==    by 0x10045CF27: _Read_RuneMagi (in /usr/lib/system/libsystem_c.dylib)
==23260==    by 0x10042DE4A: __setrunelocale (in /usr/lib/system/libsystem_c.dylib)
==23260==    by 0x10042E314: __wrap_setrunelocale (in /usr/lib/system/libsystem_c.dylib)
==23260==    by 0x10042DB08: loadlocale (in /usr/lib/system/libsystem_c.dylib)
==23260==    by 0x10013B727: el_init (in /usr/lib/libedit.3.dylib)
==23260==    by 0x100141C27: rl_initialize (in /usr/lib/libedit.3.dylib)
==23260==    by 0x100141FB1: readline (in /usr/lib/libedit.3.dylib)
==23260==    by 0x100001177: prep_minihell (main.c:19)
==23260==    by 0x1000012B5: main (main.c:55)
==23260== 
{
   <insert_a_suppression_name_here>
   Memcheck:Leak
   match-leak-kinds: reachable
   fun:realloc
   fun:reallocf
   fun:_Read_RuneMagi
   fun:__setrunelocale
   fun:__wrap_setrunelocale
   fun:loadlocale
   fun:el_init
   fun:rl_initialize
   fun:readline
   fun:prep_minihell
   fun:main
}
==23260== LEAK SUMMARY:
==23260==    definitely lost: 2,176 bytes in 61 blocks
==23260==    indirectly lost: 1,092 bytes in 20 blocks
==23260==      possibly lost: 0 bytes in 0 blocks
==23260==    still reachable: 236,934 bytes in 175 blocks
==23260==         suppressed: 10,606 bytes in 81 blocks
==23260== 
==23260== For lists of detected and suppressed errors, rerun with: -s
==23260== ERROR SUMMARY: 8 errors from 8 contexts (suppressed: 5 from 5)
